#! /usr/bin/vvp
:ivl_version "11.0 (stable)";
:ivl_delay_selection "TYPICAL";
:vpi_time_precision + 0;
:vpi_module "/usr/lib/x86_64-linux-gnu/ivl/system.vpi";
:vpi_module "/usr/lib/x86_64-linux-gnu/ivl/vhdl_sys.vpi";
:vpi_module "/usr/lib/x86_64-linux-gnu/ivl/vhdl_textio.vpi";
:vpi_module "/usr/lib/x86_64-linux-gnu/ivl/v2005_math.vpi";
:vpi_module "/usr/lib/x86_64-linux-gnu/ivl/va_math.vpi";
S_0x7fffc80fca70 .scope module, "data_cache_tb" "data_cache_tb" 2 6;
 .timescale 0 0;
v0x7fffc8181d00_0 .var "ADDRESS", 31 0;
v0x7fffc8181e10_0 .net "BUSYWAIT", 0 0, v0x7fffc8113dd0_0;  1 drivers
v0x7fffc8181ee0_0 .var "CLK", 0 0;
v0x7fffc8181fb0_0 .net "MEM_ADDRESS", 27 0, v0x7fffc817bc00_0;  1 drivers
v0x7fffc81820a0_0 .net "MEM_BUSYWAIT", 0 0, v0x7fffc817f880_0;  1 drivers
v0x7fffc81821e0_0 .net "MEM_READ", 0 0, v0x7fffc817bda0_0;  1 drivers
v0x7fffc81822d0_0 .net "MEM_READDATA", 127 0, v0x7fffc817fbf0_0;  1 drivers
v0x7fffc81823c0_0 .net "MEM_WRITE", 0 0, v0x7fffc817bf40_0;  1 drivers
v0x7fffc81824b0_0 .net "MEM_WRITEDATA", 127 0, v0x7fffc817c000_0;  1 drivers
v0x7fffc8182550_0 .var "READ", 2 0;
v0x7fffc8182610_0 .net "READDATA", 31 0, v0x7fffc817c2a0_0;  1 drivers
v0x7fffc81826b0_0 .var "RESET", 0 0;
v0x7fffc81827a0_0 .var "WRITE", 1 0;
v0x7fffc8182840_0 .var "WRITEDATA", 31 0;
v0x7fffc81828e0_0 .var/i "j", 31 0;
S_0x7fffc80fb360 .scope module, "my_data_cache" "data_cache" 2 18, 3 5 0, S_0x7fffc80fca70;
 .timescale 0 0;
    .port_info 0 /INPUT 1 "CLK";
    .port_info 1 /INPUT 1 "RESET";
    .port_info 2 /OUTPUT 1 "BUSYWAIT";
    .port_info 3 /INPUT 3 "READ";
    .port_info 4 /INPUT 2 "WRITE";
    .port_info 5 /INPUT 32 "WRITEDATA";
    .port_info 6 /OUTPUT 32 "READDATA";
    .port_info 7 /INPUT 32 "ADDRESS";
    .port_info 8 /INPUT 1 "MEM_BUSYWAIT";
    .port_info 9 /OUTPUT 1 "MEM_READ";
    .port_info 10 /OUTPUT 1 "MEM_WRITE";
    .port_info 11 /INPUT 128 "MEM_READDATA";
    .port_info 12 /OUTPUT 128 "MEM_WRITEDATA";
    .port_info 13 /OUTPUT 28 "MEM_ADDRESS";
P_0x7fffc813e520 .param/l "IDLE" 0 3 125, C4<00>;
P_0x7fffc813e560 .param/l "READ_MEM" 0 3 125, C4<10>;
P_0x7fffc813e5a0 .param/l "UPDATE_CACHE" 0 3 125, C4<11>;
P_0x7fffc813e5e0 .param/l "WRITE_MEM" 0 3 125, C4<01>;
L_0x7fffc8157960/d .functor BUFZ 128, L_0x7fffc81831b0, C4<00000000000000000000000000000000000000000000000000000000000000000000000000000000000000000000000000000000000000000000000000000000>, C4<00000000000000000000000000000000000000000000000000000000000000000000000000000000000000000000000000000000000000000000000000000000>, C4<00000000000000000000000000000000000000000000000000000000000000000000000000000000000000000000000000000000000000000000000000000000>;
L_0x7fffc8157960 .delay 128 (1,1,1) L_0x7fffc8157960/d;
L_0x7fffc813c170/d .functor BUFZ 1, L_0x7fffc8183610, C4<0>, C4<0>, C4<0>;
L_0x7fffc813c170 .delay 1 (1,1,1) L_0x7fffc813c170/d;
L_0x7fffc81838a0/d .functor BUFZ 1, L_0x7fffc8183a50, C4<0>, C4<0>, C4<0>;
L_0x7fffc81838a0 .delay 1 (1,1,1) L_0x7fffc81838a0/d;
L_0x7fffc815ca90/d .functor BUFZ 24, L_0x7fffc8183e80, C4<000000000000000000000000>, C4<000000000000000000000000>, C4<000000000000000000000000>;
L_0x7fffc815ca90 .delay 24 (1,1,1) L_0x7fffc815ca90/d;
L_0x7fffc815cb00 .functor AND 1, L_0x7fffc813c170, L_0x7fffc8184750, C4<1>, C4<1>;
L_0x7fffc8184a40 .functor BUFZ 8, v0x7fffc813c2d0_0, C4<00000000>, C4<00000000>, C4<00000000>;
L_0x7fffc81851c0 .functor BUFZ 16, v0x7fffc815cb70_0, C4<0000000000000000>, C4<0000000000000000>, C4<0000000000000000>;
L_0x7fffc8185970 .functor BUFZ 32, v0x7fffc817b4a0_0, C4<00000000000000000000000000000000>, C4<00000000000000000000000000000000>, C4<00000000000000000000000000000000>;
v0x7fffc8113f50_0 .net "ADDRESS", 31 0, v0x7fffc8181d00_0;  1 drivers
v0x7fffc8113dd0_0 .var "BUSYWAIT", 0 0;
v0x7fffc8113c50_0 .net "CLK", 0 0, v0x7fffc8181ee0_0;  1 drivers
v0x7fffc8157ac0 .array "DATA", 15 0, 127 0;
v0x7fffc813c2d0_0 .var "DATA_BYTE", 7 0;
v0x7fffc815cb70_0 .var "DATA_HALF", 15 0;
v0x7fffc815cc10_0 .net "DATA_OUT", 127 0, L_0x7fffc8157960;  1 drivers
v0x7fffc817b4a0_0 .var "DATA_WORD", 31 0;
v0x7fffc817b580 .array "DIRTY", 15 0, 0 0;
v0x7fffc817b620_0 .net "DIRTY_OUT", 0 0, L_0x7fffc81838a0;  1 drivers
v0x7fffc817b6e0_0 .net "HIT", 0 0, L_0x7fffc815cb00;  1 drivers
v0x7fffc817b7a0_0 .net "LB", 31 0, L_0x7fffc8184af0;  1 drivers
v0x7fffc817b880_0 .net "LBU", 31 0, L_0x7fffc8195a40;  1 drivers
v0x7fffc817b960_0 .net "LH", 31 0, L_0x7fffc8185230;  1 drivers
v0x7fffc817ba40_0 .net "LHU", 31 0, L_0x7fffc8195b40;  1 drivers
v0x7fffc817bb20_0 .net "LW", 31 0, L_0x7fffc8185970;  1 drivers
v0x7fffc817bc00_0 .var "MEM_ADDRESS", 27 0;
v0x7fffc817bce0_0 .net "MEM_BUSYWAIT", 0 0, v0x7fffc817f880_0;  alias, 1 drivers
v0x7fffc817bda0_0 .var "MEM_READ", 0 0;
v0x7fffc817be60_0 .net "MEM_READDATA", 127 0, v0x7fffc817fbf0_0;  alias, 1 drivers
v0x7fffc817bf40_0 .var "MEM_WRITE", 0 0;
v0x7fffc817c000_0 .var "MEM_WRITEDATA", 127 0;
v0x7fffc817c0e0_0 .var "NEXT_STATE", 1 0;
v0x7fffc817c1c0_0 .net "READ", 2 0, v0x7fffc8182550_0;  1 drivers
v0x7fffc817c2a0_0 .var "READDATA", 31 0;
v0x7fffc817c380_0 .net "READ_ACCESS", 0 0, L_0x7fffc8182c70;  1 drivers
v0x7fffc817c440_0 .net "RESET", 0 0, v0x7fffc81826b0_0;  1 drivers
v0x7fffc817c500_0 .var "STATE", 1 0;
v0x7fffc817c5e0 .array "TAG", 15 0, 23 0;
v0x7fffc817c6a0_0 .net "TAG_OUT", 23 0, L_0x7fffc815ca90;  1 drivers
v0x7fffc817c780_0 .net "TAG_STATUS", 0 0, L_0x7fffc8184750;  1 drivers
v0x7fffc817c840 .array "VALID", 15 0, 0 0;
v0x7fffc817c8e0_0 .net "VALID_OUT", 0 0, L_0x7fffc813c170;  1 drivers
v0x7fffc817c9a0_0 .net "WRITE", 1 0, v0x7fffc81827a0_0;  1 drivers
v0x7fffc817ca80_0 .net "WRITEDATA", 31 0, v0x7fffc8182840_0;  1 drivers
v0x7fffc817cb60_0 .net "WRITE_ACCESS", 0 0, L_0x7fffc8183080;  1 drivers
L_0x7f43bc700018 .functor BUFT 1, C4<000>, C4<0>, C4<0>, C4<0>;
v0x7fffc817cc20_0 .net/2u *"_ivl_0", 2 0, L_0x7f43bc700018;  1 drivers
L_0x7f43bc700378 .functor BUFT 1, C4<000000000000000000000000>, C4<0>, C4<0>, C4<0>;
v0x7fffc817cd00_0 .net/2u *"_ivl_102", 23 0, L_0x7f43bc700378;  1 drivers
L_0x7f43bc7003c0 .functor BUFT 1, C4<0000000000000000>, C4<0>, C4<0>, C4<0>;
v0x7fffc817cde0_0 .net/2u *"_ivl_106", 15 0, L_0x7f43bc7003c0;  1 drivers
L_0x7f43bc7000f0 .functor BUFT 1, C4<00>, C4<0>, C4<0>, C4<0>;
v0x7fffc817cec0_0 .net/2u *"_ivl_12", 1 0, L_0x7f43bc7000f0;  1 drivers
v0x7fffc817cfa0_0 .net *"_ivl_14", 0 0, L_0x7fffc8182d60;  1 drivers
L_0x7f43bc700138 .functor BUFT 1, C4<00>, C4<0>, C4<0>, C4<0>;
v0x7fffc817d060_0 .net/2s *"_ivl_16", 1 0, L_0x7f43bc700138;  1 drivers
L_0x7f43bc700180 .functor BUFT 1, C4<01>, C4<0>, C4<0>, C4<0>;
v0x7fffc817d140_0 .net/2s *"_ivl_18", 1 0, L_0x7f43bc700180;  1 drivers
v0x7fffc817d220_0 .net *"_ivl_2", 0 0, L_0x7fffc81829a0;  1 drivers
v0x7fffc817d2e0_0 .net *"_ivl_20", 1 0, L_0x7fffc8182ef0;  1 drivers
v0x7fffc817d3c0_0 .net *"_ivl_24", 127 0, L_0x7fffc81831b0;  1 drivers
v0x7fffc817d4a0_0 .net *"_ivl_27", 3 0, L_0x7fffc8183250;  1 drivers
v0x7fffc817d580_0 .net *"_ivl_28", 5 0, L_0x7fffc8183390;  1 drivers
L_0x7f43bc7001c8 .functor BUFT 1, C4<00>, C4<0>, C4<0>, C4<0>;
v0x7fffc817d660_0 .net *"_ivl_31", 1 0, L_0x7f43bc7001c8;  1 drivers
v0x7fffc817d740_0 .net *"_ivl_34", 0 0, L_0x7fffc8183610;  1 drivers
v0x7fffc817d820_0 .net *"_ivl_37", 3 0, L_0x7fffc8183710;  1 drivers
v0x7fffc817d900_0 .net *"_ivl_38", 5 0, L_0x7fffc81837b0;  1 drivers
L_0x7f43bc700060 .functor BUFT 1, C4<00>, C4<0>, C4<0>, C4<0>;
v0x7fffc817d9e0_0 .net/2s *"_ivl_4", 1 0, L_0x7f43bc700060;  1 drivers
L_0x7f43bc700210 .functor BUFT 1, C4<00>, C4<0>, C4<0>, C4<0>;
v0x7fffc817dac0_0 .net *"_ivl_41", 1 0, L_0x7f43bc700210;  1 drivers
v0x7fffc817dba0_0 .net *"_ivl_44", 0 0, L_0x7fffc8183a50;  1 drivers
v0x7fffc817dc80_0 .net *"_ivl_47", 3 0, L_0x7fffc8183af0;  1 drivers
v0x7fffc817dd60_0 .net *"_ivl_48", 5 0, L_0x7fffc8183c10;  1 drivers
L_0x7f43bc700258 .functor BUFT 1, C4<00>, C4<0>, C4<0>, C4<0>;
v0x7fffc817de40_0 .net *"_ivl_51", 1 0, L_0x7f43bc700258;  1 drivers
v0x7fffc817df20_0 .net *"_ivl_54", 23 0, L_0x7fffc8183e80;  1 drivers
v0x7fffc817e000_0 .net *"_ivl_57", 3 0, L_0x7fffc8183fb0;  1 drivers
v0x7fffc817e0e0_0 .net *"_ivl_58", 5 0, L_0x7fffc8184050;  1 drivers
L_0x7f43bc7000a8 .functor BUFT 1, C4<01>, C4<0>, C4<0>, C4<0>;
v0x7fffc817e1c0_0 .net/2s *"_ivl_6", 1 0, L_0x7f43bc7000a8;  1 drivers
L_0x7f43bc7002a0 .functor BUFT 1, C4<00>, C4<0>, C4<0>, C4<0>;
v0x7fffc817e2a0_0 .net *"_ivl_61", 1 0, L_0x7f43bc7002a0;  1 drivers
v0x7fffc817e380_0 .net *"_ivl_65", 23 0, L_0x7fffc81843a0;  1 drivers
v0x7fffc817e460_0 .net *"_ivl_66", 0 0, L_0x7fffc8184440;  1 drivers
L_0x7f43bc7002e8 .functor BUFT 1, C4<01>, C4<0>, C4<0>, C4<0>;
v0x7fffc817e930_0 .net/2s *"_ivl_68", 1 0, L_0x7f43bc7002e8;  1 drivers
L_0x7f43bc700330 .functor BUFT 1, C4<00>, C4<0>, C4<0>, C4<0>;
v0x7fffc817ea10_0 .net/2s *"_ivl_70", 1 0, L_0x7f43bc700330;  1 drivers
v0x7fffc817eaf0_0 .net *"_ivl_72", 1 0, L_0x7fffc8184190;  1 drivers
v0x7fffc817ebd0_0 .net *"_ivl_8", 1 0, L_0x7fffc8182ae0;  1 drivers
v0x7fffc817ecb0_0 .net *"_ivl_81", 7 0, L_0x7fffc8184a40;  1 drivers
v0x7fffc817ed90_0 .net *"_ivl_86", 0 0, L_0x7fffc8184be0;  1 drivers
v0x7fffc817ee70_0 .net *"_ivl_87", 23 0, L_0x7fffc8184da0;  1 drivers
v0x7fffc817ef50_0 .net *"_ivl_92", 15 0, L_0x7fffc81851c0;  1 drivers
v0x7fffc817f030_0 .net *"_ivl_97", 0 0, L_0x7fffc81853b0;  1 drivers
v0x7fffc817f110_0 .net *"_ivl_98", 15 0, L_0x7fffc81854a0;  1 drivers
v0x7fffc817f1f0_0 .var/i "i", 31 0;
E_0x7fffc81046e0 .event edge, v0x7fffc817c440_0;
E_0x7fffc811baf0/0 .event edge, v0x7fffc817c440_0;
E_0x7fffc811baf0/1 .event posedge, v0x7fffc8113c50_0;
E_0x7fffc811baf0 .event/or E_0x7fffc811baf0/0, E_0x7fffc811baf0/1;
E_0x7fffc80eaaf0 .event edge, v0x7fffc817c500_0;
E_0x7fffc815d080/0 .event edge, v0x7fffc817c500_0, v0x7fffc817c380_0, v0x7fffc817b620_0, v0x7fffc817b6e0_0;
E_0x7fffc815d080/1 .event edge, v0x7fffc817cb60_0, v0x7fffc817bce0_0;
E_0x7fffc815d080 .event/or E_0x7fffc815d080/0, E_0x7fffc815d080/1;
E_0x7fffc813a940 .event posedge, v0x7fffc8113c50_0;
E_0x7fffc813b0b0/0 .event edge, v0x7fffc817c1c0_0, v0x7fffc817b7a0_0, v0x7fffc817b960_0, v0x7fffc817bb20_0;
E_0x7fffc813b0b0/1 .event edge, v0x7fffc817b880_0, v0x7fffc817ba40_0;
E_0x7fffc813b0b0 .event/or E_0x7fffc813b0b0/0, E_0x7fffc813b0b0/1;
E_0x7fffc8133110 .event edge, v0x7fffc817c1c0_0, v0x7fffc8113f50_0, v0x7fffc815cc10_0;
E_0x7fffc81323f0 .event edge, v0x7fffc817c9a0_0, v0x7fffc817c1c0_0;
L_0x7fffc81829a0 .cmp/eq 3, v0x7fffc8182550_0, L_0x7f43bc700018;
L_0x7fffc8182ae0 .functor MUXZ 2, L_0x7f43bc7000a8, L_0x7f43bc700060, L_0x7fffc81829a0, C4<>;
L_0x7fffc8182c70 .part L_0x7fffc8182ae0, 0, 1;
L_0x7fffc8182d60 .cmp/eq 2, v0x7fffc81827a0_0, L_0x7f43bc7000f0;
L_0x7fffc8182ef0 .functor MUXZ 2, L_0x7f43bc700180, L_0x7f43bc700138, L_0x7fffc8182d60, C4<>;
L_0x7fffc8183080 .part L_0x7fffc8182ef0, 0, 1;
L_0x7fffc81831b0 .array/port v0x7fffc8157ac0, L_0x7fffc8183390;
L_0x7fffc8183250 .part v0x7fffc8181d00_0, 4, 4;
L_0x7fffc8183390 .concat [ 4 2 0 0], L_0x7fffc8183250, L_0x7f43bc7001c8;
L_0x7fffc8183610 .array/port v0x7fffc817c840, L_0x7fffc81837b0;
L_0x7fffc8183710 .part v0x7fffc8181d00_0, 4, 4;
L_0x7fffc81837b0 .concat [ 4 2 0 0], L_0x7fffc8183710, L_0x7f43bc700210;
L_0x7fffc8183a50 .array/port v0x7fffc817b580, L_0x7fffc8183c10;
L_0x7fffc8183af0 .part v0x7fffc8181d00_0, 4, 4;
L_0x7fffc8183c10 .concat [ 4 2 0 0], L_0x7fffc8183af0, L_0x7f43bc700258;
L_0x7fffc8183e80 .array/port v0x7fffc817c5e0, L_0x7fffc8184050;
L_0x7fffc8183fb0 .part v0x7fffc8181d00_0, 4, 4;
L_0x7fffc8184050 .concat [ 4 2 0 0], L_0x7fffc8183fb0, L_0x7f43bc7002a0;
L_0x7fffc81843a0 .part v0x7fffc8181d00_0, 8, 24;
L_0x7fffc8184440 .cmp/eq 24, L_0x7fffc815ca90, L_0x7fffc81843a0;
L_0x7fffc8184190 .functor MUXZ 2, L_0x7f43bc700330, L_0x7f43bc7002e8, L_0x7fffc8184440, C4<>;
L_0x7fffc8184750 .delay 1 (1,1,1) L_0x7fffc8184750/d;
L_0x7fffc8184750/d .part L_0x7fffc8184190, 0, 1;
L_0x7fffc8184af0 .concat8 [ 8 24 0 0], L_0x7fffc8184a40, L_0x7fffc8184da0;
L_0x7fffc8184be0 .part v0x7fffc813c2d0_0, 7, 1;
LS_0x7fffc8184da0_0_0 .concat [ 1 1 1 1], L_0x7fffc8184be0, L_0x7fffc8184be0, L_0x7fffc8184be0, L_0x7fffc8184be0;
LS_0x7fffc8184da0_0_4 .concat [ 1 1 1 1], L_0x7fffc8184be0, L_0x7fffc8184be0, L_0x7fffc8184be0, L_0x7fffc8184be0;
LS_0x7fffc8184da0_0_8 .concat [ 1 1 1 1], L_0x7fffc8184be0, L_0x7fffc8184be0, L_0x7fffc8184be0, L_0x7fffc8184be0;
LS_0x7fffc8184da0_0_12 .concat [ 1 1 1 1], L_0x7fffc8184be0, L_0x7fffc8184be0, L_0x7fffc8184be0, L_0x7fffc8184be0;
LS_0x7fffc8184da0_0_16 .concat [ 1 1 1 1], L_0x7fffc8184be0, L_0x7fffc8184be0, L_0x7fffc8184be0, L_0x7fffc8184be0;
LS_0x7fffc8184da0_0_20 .concat [ 1 1 1 1], L_0x7fffc8184be0, L_0x7fffc8184be0, L_0x7fffc8184be0, L_0x7fffc8184be0;
LS_0x7fffc8184da0_1_0 .concat [ 4 4 4 4], LS_0x7fffc8184da0_0_0, LS_0x7fffc8184da0_0_4, LS_0x7fffc8184da0_0_8, LS_0x7fffc8184da0_0_12;
LS_0x7fffc8184da0_1_4 .concat [ 4 4 0 0], LS_0x7fffc8184da0_0_16, LS_0x7fffc8184da0_0_20;
L_0x7fffc8184da0 .concat [ 16 8 0 0], LS_0x7fffc8184da0_1_0, LS_0x7fffc8184da0_1_4;
L_0x7fffc8185230 .concat8 [ 16 16 0 0], L_0x7fffc81851c0, L_0x7fffc81854a0;
L_0x7fffc81853b0 .part v0x7fffc815cb70_0, 15, 1;
LS_0x7fffc81854a0_0_0 .concat [ 1 1 1 1], L_0x7fffc81853b0, L_0x7fffc81853b0, L_0x7fffc81853b0, L_0x7fffc81853b0;
LS_0x7fffc81854a0_0_4 .concat [ 1 1 1 1], L_0x7fffc81853b0, L_0x7fffc81853b0, L_0x7fffc81853b0, L_0x7fffc81853b0;
LS_0x7fffc81854a0_0_8 .concat [ 1 1 1 1], L_0x7fffc81853b0, L_0x7fffc81853b0, L_0x7fffc81853b0, L_0x7fffc81853b0;
LS_0x7fffc81854a0_0_12 .concat [ 1 1 1 1], L_0x7fffc81853b0, L_0x7fffc81853b0, L_0x7fffc81853b0, L_0x7fffc81853b0;
L_0x7fffc81854a0 .concat [ 4 4 4 4], LS_0x7fffc81854a0_0_0, LS_0x7fffc81854a0_0_4, LS_0x7fffc81854a0_0_8, LS_0x7fffc81854a0_0_12;
L_0x7fffc8195a40 .concat [ 8 24 0 0], v0x7fffc813c2d0_0, L_0x7f43bc700378;
L_0x7fffc8195b40 .concat [ 16 16 0 0], v0x7fffc815cb70_0, L_0x7f43bc7003c0;
S_0x7fffc817f490 .scope module, "my_data_memory" "data_memory" 2 20, 4 13 0, S_0x7fffc80fca70;
 .timescale 0 0;
    .port_info 0 /INPUT 1 "CLK";
    .port_info 1 /INPUT 1 "RESET";
    .port_info 2 /INPUT 1 "READ";
    .port_info 3 /INPUT 1 "WRITE";
    .port_info 4 /INPUT 28 "ADDRESS";
    .port_info 5 /INPUT 128 "WRITE_DATA";
    .port_info 6 /OUTPUT 128 "READ_DATA";
    .port_info 7 /OUTPUT 1 "BUSYWAIT";
v0x7fffc817f7a0_0 .net "ADDRESS", 27 0, v0x7fffc817bc00_0;  alias, 1 drivers
v0x7fffc817f880_0 .var "BUSYWAIT", 0 0;
v0x7fffc817f920_0 .net "CLK", 0 0, v0x7fffc8181ee0_0;  alias, 1 drivers
v0x7fffc817f9c0 .array "MEMMORY", 0 524287, 7 0;
v0x7fffc817fa60_0 .net "READ", 0 0, v0x7fffc817bda0_0;  alias, 1 drivers
v0x7fffc817fb50_0 .var "READ_ACCESS", 0 0;
v0x7fffc817fbf0_0 .var "READ_DATA", 127 0;
v0x7fffc817fc90_0 .net "RESET", 0 0, v0x7fffc81826b0_0;  alias, 1 drivers
v0x7fffc817fd60_0 .net "WRITE", 0 0, v0x7fffc817bf40_0;  alias, 1 drivers
v0x7fffc817fe30_0 .var "WRITE_ACCESS", 0 0;
v0x7fffc817fed0_0 .net "WRITE_DATA", 127 0, v0x7fffc817c000_0;  alias, 1 drivers
v0x7fffc817ffa0_0 .var *"_ivl_10", 7 0; Local signal
v0x7fffc8180040_0 .var *"_ivl_11", 7 0; Local signal
v0x7fffc81800e0_0 .var *"_ivl_12", 7 0; Local signal
v0x7fffc81801c0_0 .var *"_ivl_13", 7 0; Local signal
v0x7fffc81802a0_0 .var *"_ivl_14", 7 0; Local signal
v0x7fffc8180380_0 .var *"_ivl_15", 7 0; Local signal
v0x7fffc8180460_0 .var *"_ivl_16", 7 0; Local signal
v0x7fffc8180540_0 .var *"_ivl_17", 7 0; Local signal
v0x7fffc8180620_0 .var *"_ivl_18", 7 0; Local signal
v0x7fffc8180700_0 .var *"_ivl_19", 7 0; Local signal
v0x7fffc81807e0_0 .var *"_ivl_2", 7 0; Local signal
v0x7fffc81808c0_0 .var *"_ivl_20", 7 0; Local signal
v0x7fffc81809a0_0 .var *"_ivl_21", 7 0; Local signal
v0x7fffc8180a80_0 .var *"_ivl_22", 7 0; Local signal
v0x7fffc8180b60_0 .var *"_ivl_23", 7 0; Local signal
v0x7fffc8180c40_0 .var *"_ivl_24", 7 0; Local signal
v0x7fffc8180d20_0 .var *"_ivl_25", 7 0; Local signal
v0x7fffc8180e00_0 .var *"_ivl_26", 7 0; Local signal
v0x7fffc8180ee0_0 .var *"_ivl_27", 7 0; Local signal
v0x7fffc8180fc0_0 .var *"_ivl_28", 7 0; Local signal
v0x7fffc81810a0_0 .var *"_ivl_29", 7 0; Local signal
v0x7fffc8181180_0 .var *"_ivl_3", 7 0; Local signal
v0x7fffc8181260_0 .var *"_ivl_30", 7 0; Local signal
v0x7fffc8181340_0 .var *"_ivl_31", 7 0; Local signal
v0x7fffc8181420_0 .var *"_ivl_32", 7 0; Local signal
v0x7fffc8181500_0 .var *"_ivl_33", 7 0; Local signal
v0x7fffc81815e0_0 .var *"_ivl_4", 7 0; Local signal
v0x7fffc81816c0_0 .var *"_ivl_5", 7 0; Local signal
v0x7fffc81817a0_0 .var *"_ivl_6", 7 0; Local signal
v0x7fffc8181880_0 .var *"_ivl_7", 7 0; Local signal
v0x7fffc8181960_0 .var *"_ivl_8", 7 0; Local signal
v0x7fffc8181a40_0 .var *"_ivl_9", 7 0; Local signal
v0x7fffc8181b20_0 .var/i "i", 31 0;
E_0x7fffc80f0ce0 .event posedge, v0x7fffc817c440_0;
E_0x7fffc80ed010 .event edge, v0x7fffc817bda0_0, v0x7fffc817bf40_0;
    .scope S_0x7fffc80fb360;
T_0 ;
    %wait E_0x7fffc81323f0;
    %load/vec4 v0x7fffc817c1c0_0;
    %cmpi/e 0, 0, 3;
    %flag_mov 8, 4;
    %load/vec4 v0x7fffc817c9a0_0;
    %cmpi/e 0, 0, 2;
    %flag_or 4, 8;
    %jmp/0xz  T_0.0, 4;
    %pushi/vec4 0, 0, 1;
    %store/vec4 v0x7fffc8113dd0_0, 0, 1;
    %jmp T_0.1;
T_0.0 ;
    %pushi/vec4 1, 0, 1;
    %store/vec4 v0x7fffc8113dd0_0, 0, 1;
T_0.1 ;
    %jmp T_0;
    .thread T_0, $push;
    .scope S_0x7fffc80fb360;
T_1 ;
    %wait E_0x7fffc813a940;
    %load/vec4 v0x7fffc817b6e0_0;
    %flag_set/vec4 8;
    %jmp/0xz  T_1.0, 8;
    %pushi/vec4 0, 0, 1;
    %store/vec4 v0x7fffc8113dd0_0, 0, 1;
T_1.0 ;
    %jmp T_1;
    .thread T_1;
    .scope S_0x7fffc80fb360;
T_2 ;
    %wait E_0x7fffc8133110;
    %load/vec4 v0x7fffc817c1c0_0;
    %dup/vec4;
    %pushi/vec4 1, 0, 3;
    %cmp/u;
    %jmp/1 T_2.0, 6;
    %dup/vec4;
    %pushi/vec4 2, 0, 3;
    %cmp/u;
    %jmp/1 T_2.1, 6;
    %dup/vec4;
    %pushi/vec4 3, 0, 3;
    %cmp/u;
    %jmp/1 T_2.2, 6;
    %jmp T_2.3;
T_2.0 ;
    %load/vec4 v0x7fffc815cc10_0;
    %load/vec4 v0x7fffc8113f50_0;
    %parti/s 4, 0, 2;
    %pad/u 7;
    %muli 8, 0, 7;
    %part/u 8;
    %store/vec4 v0x7fffc813c2d0_0, 0, 8;
    %jmp T_2.3;
T_2.1 ;
    %load/vec4 v0x7fffc815cc10_0;
    %load/vec4 v0x7fffc8113f50_0;
    %parti/s 3, 1, 2;
    %concati/vec4 1, 0, 1;
    %pad/u 7;
    %muli 8, 0, 7;
    %part/u 8;
    %load/vec4 v0x7fffc815cc10_0;
    %load/vec4 v0x7fffc8113f50_0;
    %parti/s 3, 1, 2;
    %concati/vec4 0, 0, 1;
    %pad/u 7;
    %muli 8, 0, 7;
    %part/u 8;
    %concat/vec4; draw_concat_vec4
    %store/vec4 v0x7fffc815cb70_0, 0, 16;
    %jmp T_2.3;
T_2.2 ;
    %load/vec4 v0x7fffc815cc10_0;
    %load/vec4 v0x7fffc8113f50_0;
    %parti/s 2, 2, 3;
    %concati/vec4 3, 0, 2;
    %pad/u 7;
    %muli 8, 0, 7;
    %part/u 8;
    %load/vec4 v0x7fffc815cc10_0;
    %load/vec4 v0x7fffc8113f50_0;
    %parti/s 2, 2, 3;
    %concati/vec4 2, 0, 2;
    %pad/u 7;
    %muli 8, 0, 7;
    %part/u 8;
    %concat/vec4; draw_concat_vec4
    %load/vec4 v0x7fffc815cc10_0;
    %load/vec4 v0x7fffc8113f50_0;
    %parti/s 2, 2, 3;
    %concati/vec4 1, 0, 2;
    %pad/u 7;
    %muli 8, 0, 7;
    %part/u 8;
    %concat/vec4; draw_concat_vec4
    %load/vec4 v0x7fffc815cc10_0;
    %load/vec4 v0x7fffc8113f50_0;
    %parti/s 2, 2, 3;
    %concati/vec4 0, 0, 2;
    %pad/u 7;
    %muli 8, 0, 7;
    %part/u 8;
    %concat/vec4; draw_concat_vec4
    %store/vec4 v0x7fffc817b4a0_0, 0, 32;
    %jmp T_2.3;
T_2.3 ;
    %pop/vec4 1;
    %jmp T_2;
    .thread T_2, $push;
    .scope S_0x7fffc80fb360;
T_3 ;
    %wait E_0x7fffc813b0b0;
    %delay 1, 0;
    %load/vec4 v0x7fffc817c1c0_0;
    %dup/vec4;
    %pushi/vec4 1, 0, 3;
    %cmp/u;
    %jmp/1 T_3.0, 6;
    %dup/vec4;
    %pushi/vec4 2, 0, 3;
    %cmp/u;
    %jmp/1 T_3.1, 6;
    %dup/vec4;
    %pushi/vec4 3, 0, 3;
    %cmp/u;
    %jmp/1 T_3.2, 6;
    %dup/vec4;
    %pushi/vec4 4, 0, 3;
    %cmp/u;
    %jmp/1 T_3.3, 6;
    %dup/vec4;
    %pushi/vec4 5, 0, 3;
    %cmp/u;
    %jmp/1 T_3.4, 6;
    %jmp T_3.5;
T_3.0 ;
    %load/vec4 v0x7fffc817b7a0_0;
    %store/vec4 v0x7fffc817c2a0_0, 0, 32;
    %jmp T_3.5;
T_3.1 ;
    %load/vec4 v0x7fffc817b960_0;
    %store/vec4 v0x7fffc817c2a0_0, 0, 32;
    %jmp T_3.5;
T_3.2 ;
    %load/vec4 v0x7fffc817bb20_0;
    %store/vec4 v0x7fffc817c2a0_0, 0, 32;
    %jmp T_3.5;
T_3.3 ;
    %load/vec4 v0x7fffc817b880_0;
    %store/vec4 v0x7fffc817c2a0_0, 0, 32;
    %jmp T_3.5;
T_3.4 ;
    %load/vec4 v0x7fffc817ba40_0;
    %store/vec4 v0x7fffc817c2a0_0, 0, 32;
    %jmp T_3.5;
T_3.5 ;
    %pop/vec4 1;
    %jmp T_3;
    .thread T_3, $push;
    .scope S_0x7fffc80fb360;
T_4 ;
    %wait E_0x7fffc813a940;
    %load/vec4 v0x7fffc817b6e0_0;
    %load/vec4 v0x7fffc817cb60_0;
    %and;
    %flag_set/vec4 8;
    %jmp/0xz  T_4.0, 8;
    %delay 1, 0;
    %pushi/vec4 1, 0, 1;
    %load/vec4 v0x7fffc8113f50_0;
    %parti/s 4, 4, 4;
    %pad/u 6;
    %ix/vec4 4;
    %store/vec4a v0x7fffc817b580, 4, 0;
    %load/vec4 v0x7fffc817c9a0_0;
    %dup/vec4;
    %pushi/vec4 1, 0, 2;
    %cmp/u;
    %jmp/1 T_4.2, 6;
    %dup/vec4;
    %pushi/vec4 2, 0, 2;
    %cmp/u;
    %jmp/1 T_4.3, 6;
    %dup/vec4;
    %pushi/vec4 3, 0, 2;
    %cmp/u;
    %jmp/1 T_4.4, 6;
    %jmp T_4.5;
T_4.2 ;
    %load/vec4 v0x7fffc817ca80_0;
    %parti/s 8, 0, 2;
    %load/vec4 v0x7fffc8113f50_0;
    %parti/s 4, 4, 4;
    %pad/u 6;
    %ix/vec4 4;
    %flag_mov 8, 4;
    %load/vec4 v0x7fffc8113f50_0;
    %parti/s 4, 0, 2;
    %pad/u 7;
    %muli 8, 0, 7;
    %ix/vec4 5;
    %flag_or 4, 8;
    %store/vec4a v0x7fffc8157ac0, 4, 5;
    %jmp T_4.5;
T_4.3 ;
    %load/vec4 v0x7fffc817ca80_0;
    %parti/s 8, 0, 2;
    %load/vec4 v0x7fffc8113f50_0;
    %parti/s 4, 4, 4;
    %pad/u 6;
    %ix/vec4 4;
    %flag_mov 8, 4;
    %load/vec4 v0x7fffc8113f50_0;
    %parti/s 3, 1, 2;
    %concati/vec4 0, 0, 1;
    %pad/u 7;
    %muli 8, 0, 7;
    %ix/vec4 5;
    %flag_or 4, 8;
    %store/vec4a v0x7fffc8157ac0, 4, 5;
    %load/vec4 v0x7fffc817ca80_0;
    %parti/s 8, 8, 5;
    %load/vec4 v0x7fffc8113f50_0;
    %parti/s 4, 4, 4;
    %pad/u 6;
    %ix/vec4 4;
    %flag_mov 8, 4;
    %load/vec4 v0x7fffc8113f50_0;
    %parti/s 3, 1, 2;
    %concati/vec4 1, 0, 1;
    %pad/u 7;
    %muli 8, 0, 7;
    %ix/vec4 5;
    %flag_or 4, 8;
    %store/vec4a v0x7fffc8157ac0, 4, 5;
    %jmp T_4.5;
T_4.4 ;
    %load/vec4 v0x7fffc817ca80_0;
    %parti/s 8, 0, 2;
    %load/vec4 v0x7fffc8113f50_0;
    %parti/s 4, 4, 4;
    %pad/u 6;
    %ix/vec4 4;
    %flag_mov 8, 4;
    %load/vec4 v0x7fffc8113f50_0;
    %parti/s 2, 2, 3;
    %concati/vec4 0, 0, 2;
    %pad/u 7;
    %muli 8, 0, 7;
    %ix/vec4 5;
    %flag_or 4, 8;
    %store/vec4a v0x7fffc8157ac0, 4, 5;
    %load/vec4 v0x7fffc817ca80_0;
    %parti/s 8, 8, 5;
    %load/vec4 v0x7fffc8113f50_0;
    %parti/s 4, 4, 4;
    %pad/u 6;
    %ix/vec4 4;
    %flag_mov 8, 4;
    %load/vec4 v0x7fffc8113f50_0;
    %parti/s 2, 2, 3;
    %concati/vec4 1, 0, 2;
    %pad/u 7;
    %muli 8, 0, 7;
    %ix/vec4 5;
    %flag_or 4, 8;
    %store/vec4a v0x7fffc8157ac0, 4, 5;
    %load/vec4 v0x7fffc817ca80_0;
    %parti/s 8, 16, 6;
    %load/vec4 v0x7fffc8113f50_0;
    %parti/s 4, 4, 4;
    %pad/u 6;
    %ix/vec4 4;
    %flag_mov 8, 4;
    %load/vec4 v0x7fffc8113f50_0;
    %parti/s 2, 2, 3;
    %concati/vec4 2, 0, 2;
    %pad/u 7;
    %muli 8, 0, 7;
    %ix/vec4 5;
    %flag_or 4, 8;
    %store/vec4a v0x7fffc8157ac0, 4, 5;
    %load/vec4 v0x7fffc817ca80_0;
    %parti/s 8, 24, 6;
    %load/vec4 v0x7fffc8113f50_0;
    %parti/s 4, 4, 4;
    %pad/u 6;
    %ix/vec4 4;
    %flag_mov 8, 4;
    %load/vec4 v0x7fffc8113f50_0;
    %parti/s 2, 2, 3;
    %concati/vec4 3, 0, 2;
    %pad/u 7;
    %muli 8, 0, 7;
    %ix/vec4 5;
    %flag_or 4, 8;
    %store/vec4a v0x7fffc8157ac0, 4, 5;
    %jmp T_4.5;
T_4.5 ;
    %pop/vec4 1;
T_4.0 ;
    %jmp T_4;
    .thread T_4;
    .scope S_0x7fffc80fb360;
T_5 ;
    %wait E_0x7fffc815d080;
    %load/vec4 v0x7fffc817c500_0;
    %dup/vec4;
    %pushi/vec4 0, 0, 2;
    %cmp/u;
    %jmp/1 T_5.0, 6;
    %dup/vec4;
    %pushi/vec4 2, 0, 2;
    %cmp/u;
    %jmp/1 T_5.1, 6;
    %dup/vec4;
    %pushi/vec4 1, 0, 2;
    %cmp/u;
    %jmp/1 T_5.2, 6;
    %dup/vec4;
    %pushi/vec4 3, 0, 2;
    %cmp/u;
    %jmp/1 T_5.3, 6;
    %jmp T_5.4;
T_5.0 ;
    %load/vec4 v0x7fffc817c380_0;
    %load/vec4 v0x7fffc817b620_0;
    %nor/r;
    %and;
    %load/vec4 v0x7fffc817b6e0_0;
    %nor/r;
    %and;
    %flag_set/vec4 8;
    %jmp/0xz  T_5.5, 8;
    %pushi/vec4 2, 0, 2;
    %store/vec4 v0x7fffc817c0e0_0, 0, 2;
    %jmp T_5.6;
T_5.5 ;
    %load/vec4 v0x7fffc817cb60_0;
    %load/vec4 v0x7fffc817b620_0;
    %and;
    %load/vec4 v0x7fffc817b6e0_0;
    %nor/r;
    %and;
    %flag_set/vec4 8;
    %jmp/0xz  T_5.7, 8;
    %pushi/vec4 1, 0, 2;
    %store/vec4 v0x7fffc817c0e0_0, 0, 2;
    %jmp T_5.8;
T_5.7 ;
    %pushi/vec4 0, 0, 2;
    %store/vec4 v0x7fffc817c0e0_0, 0, 2;
T_5.8 ;
T_5.6 ;
    %jmp T_5.4;
T_5.1 ;
    %load/vec4 v0x7fffc817bce0_0;
    %nor/r;
    %flag_set/vec4 8;
    %jmp/0xz  T_5.9, 8;
    %pushi/vec4 3, 0, 2;
    %store/vec4 v0x7fffc817c0e0_0, 0, 2;
    %jmp T_5.10;
T_5.9 ;
    %pushi/vec4 2, 0, 2;
    %store/vec4 v0x7fffc817c0e0_0, 0, 2;
T_5.10 ;
    %jmp T_5.4;
T_5.2 ;
    %load/vec4 v0x7fffc817bce0_0;
    %nor/r;
    %flag_set/vec4 8;
    %jmp/0xz  T_5.11, 8;
    %pushi/vec4 2, 0, 2;
    %store/vec4 v0x7fffc817c0e0_0, 0, 2;
    %jmp T_5.12;
T_5.11 ;
    %pushi/vec4 1, 0, 2;
    %store/vec4 v0x7fffc817c0e0_0, 0, 2;
T_5.12 ;
    %jmp T_5.4;
T_5.3 ;
    %pushi/vec4 0, 0, 2;
    %store/vec4 v0x7fffc817c0e0_0, 0, 2;
    %jmp T_5.4;
T_5.4 ;
    %pop/vec4 1;
    %jmp T_5;
    .thread T_5, $push;
    .scope S_0x7fffc80fb360;
T_6 ;
    %wait E_0x7fffc80eaaf0;
    %load/vec4 v0x7fffc817c500_0;
    %dup/vec4;
    %pushi/vec4 0, 0, 2;
    %cmp/u;
    %jmp/1 T_6.0, 6;
    %dup/vec4;
    %pushi/vec4 2, 0, 2;
    %cmp/u;
    %jmp/1 T_6.1, 6;
    %dup/vec4;
    %pushi/vec4 1, 0, 2;
    %cmp/u;
    %jmp/1 T_6.2, 6;
    %dup/vec4;
    %pushi/vec4 3, 0, 2;
    %cmp/u;
    %jmp/1 T_6.3, 6;
    %jmp T_6.4;
T_6.0 ;
    %pushi/vec4 0, 0, 1;
    %store/vec4 v0x7fffc817bda0_0, 0, 1;
    %pushi/vec4 0, 0, 1;
    %store/vec4 v0x7fffc817bf40_0, 0, 1;
    %pushi/vec4 268435455, 268435455, 28;
    %store/vec4 v0x7fffc817bc00_0, 0, 28;
    %pushi/vec4 4294967295, 4294967295, 32;
    %concati/vec4 4294967295, 4294967295, 32;
    %concati/vec4 4294967295, 4294967295, 32;
    %concati/vec4 4294967295, 4294967295, 32;
    %store/vec4 v0x7fffc817c000_0, 0, 128;
    %jmp T_6.4;
T_6.1 ;
    %pushi/vec4 1, 0, 1;
    %store/vec4 v0x7fffc817bda0_0, 0, 1;
    %pushi/vec4 0, 0, 1;
    %store/vec4 v0x7fffc817bf40_0, 0, 1;
    %load/vec4 v0x7fffc8113f50_0;
    %parti/s 28, 4, 4;
    %store/vec4 v0x7fffc817bc00_0, 0, 28;
    %pushi/vec4 4294967295, 4294967295, 32;
    %concati/vec4 4294967295, 4294967295, 32;
    %concati/vec4 4294967295, 4294967295, 32;
    %concati/vec4 4294967295, 4294967295, 32;
    %store/vec4 v0x7fffc817c000_0, 0, 128;
    %jmp T_6.4;
T_6.2 ;
    %pushi/vec4 0, 0, 1;
    %store/vec4 v0x7fffc817bda0_0, 0, 1;
    %pushi/vec4 1, 0, 1;
    %store/vec4 v0x7fffc817bf40_0, 0, 1;
    %load/vec4 v0x7fffc817c6a0_0;
    %load/vec4 v0x7fffc8113f50_0;
    %parti/s 4, 4, 4;
    %concat/vec4; draw_concat_vec4
    %store/vec4 v0x7fffc817bc00_0, 0, 28;
    %load/vec4 v0x7fffc815cc10_0;
    %store/vec4 v0x7fffc817c000_0, 0, 128;
    %jmp T_6.4;
T_6.3 ;
    %delay 1, 0;
    %load/vec4 v0x7fffc817be60_0;
    %load/vec4 v0x7fffc8113f50_0;
    %parti/s 4, 4, 4;
    %pad/u 6;
    %ix/vec4 4;
    %store/vec4a v0x7fffc8157ac0, 4, 0;
    %pushi/vec4 0, 0, 1;
    %load/vec4 v0x7fffc8113f50_0;
    %parti/s 4, 4, 4;
    %pad/u 6;
    %ix/vec4 4;
    %store/vec4a v0x7fffc817b580, 4, 0;
    %pushi/vec4 1, 0, 1;
    %load/vec4 v0x7fffc8113f50_0;
    %parti/s 4, 4, 4;
    %pad/u 6;
    %ix/vec4 4;
    %store/vec4a v0x7fffc817c840, 4, 0;
    %load/vec4 v0x7fffc8113f50_0;
    %parti/s 24, 8, 5;
    %load/vec4 v0x7fffc8113f50_0;
    %parti/s 4, 4, 4;
    %pad/u 6;
    %ix/vec4 4;
    %store/vec4a v0x7fffc817c5e0, 4, 0;
    %jmp T_6.4;
T_6.4 ;
    %pop/vec4 1;
    %jmp T_6;
    .thread T_6, $push;
    .scope S_0x7fffc80fb360;
T_7 ;
    %wait E_0x7fffc811baf0;
    %load/vec4 v0x7fffc817c440_0;
    %flag_set/vec4 8;
    %jmp/0xz  T_7.0, 8;
    %pushi/vec4 0, 0, 2;
    %store/vec4 v0x7fffc817c500_0, 0, 2;
    %jmp T_7.1;
T_7.0 ;
    %load/vec4 v0x7fffc817c0e0_0;
    %store/vec4 v0x7fffc817c500_0, 0, 2;
T_7.1 ;
    %jmp T_7;
    .thread T_7;
    .scope S_0x7fffc80fb360;
T_8 ;
    %wait E_0x7fffc81046e0;
    %load/vec4 v0x7fffc817c440_0;
    %flag_set/vec4 8;
    %jmp/0xz  T_8.0, 8;
    %pushi/vec4 0, 0, 32;
    %store/vec4 v0x7fffc817f1f0_0, 0, 32;
T_8.2 ;
    %load/vec4 v0x7fffc817f1f0_0;
    %cmpi/s 16, 0, 32;
    %jmp/0xz T_8.3, 5;
    %pushi/vec4 0, 0, 1;
    %ix/getv/s 4, v0x7fffc817f1f0_0;
    %store/vec4a v0x7fffc817c840, 4, 0;
    %pushi/vec4 0, 0, 1;
    %ix/getv/s 4, v0x7fffc817f1f0_0;
    %store/vec4a v0x7fffc817b580, 4, 0;
    %pushi/vec4 16777215, 16777215, 24;
    %ix/getv/s 4, v0x7fffc817f1f0_0;
    %store/vec4a v0x7fffc817c5e0, 4, 0;
    %pushi/vec4 0, 0, 1;
    %store/vec4 v0x7fffc8113dd0_0, 0, 1;
    %pushi/vec4 4294967295, 4294967295, 32;
    %concati/vec4 4294967295, 4294967295, 32;
    %concati/vec4 4294967295, 4294967295, 32;
    %concati/vec4 4294967295, 4294967295, 32;
    %ix/getv/s 4, v0x7fffc817f1f0_0;
    %store/vec4a v0x7fffc8157ac0, 4, 0;
    %load/vec4 v0x7fffc817f1f0_0;
    %addi 1, 0, 32;
    %store/vec4 v0x7fffc817f1f0_0, 0, 32;
    %jmp T_8.2;
T_8.3 ;
T_8.0 ;
    %jmp T_8;
    .thread T_8, $push;
    .scope S_0x7fffc817f490;
T_9 ;
    %wait E_0x7fffc80ed010;
    %load/vec4 v0x7fffc817fa60_0;
    %flag_set/vec4 8;
    %load/vec4 v0x7fffc817fd60_0;
    %flag_set/vec4 9;
    %flag_or 9, 8;
    %jmp/0 T_9.0, 9;
    %pushi/vec4 1, 0, 2;
    %jmp/1 T_9.1, 9;
T_9.0 ; End of true expr.
    %pushi/vec4 0, 0, 2;
    %jmp/0 T_9.1, 9;
 ; End of false expr.
    %blend;
T_9.1;
    %pad/s 1;
    %store/vec4 v0x7fffc817f880_0, 0, 1;
    %load/vec4 v0x7fffc817fa60_0;
    %load/vec4 v0x7fffc817fd60_0;
    %nor/r;
    %and;
    %flag_set/vec4 8;
    %jmp/0 T_9.2, 8;
    %pushi/vec4 1, 0, 2;
    %jmp/1 T_9.3, 8;
T_9.2 ; End of true expr.
    %pushi/vec4 0, 0, 2;
    %jmp/0 T_9.3, 8;
 ; End of false expr.
    %blend;
T_9.3;
    %pad/s 1;
    %store/vec4 v0x7fffc817fb50_0, 0, 1;
    %load/vec4 v0x7fffc817fa60_0;
    %nor/r;
    %load/vec4 v0x7fffc817fd60_0;
    %and;
    %flag_set/vec4 8;
    %jmp/0 T_9.4, 8;
    %pushi/vec4 1, 0, 2;
    %jmp/1 T_9.5, 8;
T_9.4 ; End of true expr.
    %pushi/vec4 0, 0, 2;
    %jmp/0 T_9.5, 8;
 ; End of false expr.
    %blend;
T_9.5;
    %pad/s 1;
    %store/vec4 v0x7fffc817fe30_0, 0, 1;
    %jmp T_9;
    .thread T_9, $push;
    .scope S_0x7fffc817f490;
T_10 ;
    %wait E_0x7fffc813a940;
    %load/vec4 v0x7fffc817fb50_0;
    %flag_set/vec4 8;
    %jmp/0xz  T_10.0, 8;
    %load/vec4 v0x7fffc817f7a0_0;
    %concati/vec4 0, 0, 4;
    %ix/vec4 4;
    %load/vec4a v0x7fffc817f9c0, 4;
    %store/vec4 v0x7fffc81807e0_0, 0, 8;
    %pushi/vec4 1, 0, 64;
    %ix/vec4 4;
    %delayx 4;
    %load/vec4 v0x7fffc81807e0_0;
    %ix/load 4, 0, 0;
    %flag_set/imm 4, 0;
    %store/vec4 v0x7fffc817fbf0_0, 4, 8;
    %load/vec4 v0x7fffc817f7a0_0;
    %concati/vec4 1, 0, 4;
    %ix/vec4 4;
    %load/vec4a v0x7fffc817f9c0, 4;
    %store/vec4 v0x7fffc8181180_0, 0, 8;
    %pushi/vec4 1, 0, 64;
    %ix/vec4 4;
    %delayx 4;
    %load/vec4 v0x7fffc8181180_0;
    %ix/load 4, 8, 0;
    %flag_set/imm 4, 0;
    %store/vec4 v0x7fffc817fbf0_0, 4, 8;
    %load/vec4 v0x7fffc817f7a0_0;
    %concati/vec4 2, 0, 4;
    %ix/vec4 4;
    %load/vec4a v0x7fffc817f9c0, 4;
    %store/vec4 v0x7fffc81815e0_0, 0, 8;
    %pushi/vec4 1, 0, 64;
    %ix/vec4 4;
    %delayx 4;
    %load/vec4 v0x7fffc81815e0_0;
    %ix/load 4, 16, 0;
    %flag_set/imm 4, 0;
    %store/vec4 v0x7fffc817fbf0_0, 4, 8;
    %load/vec4 v0x7fffc817f7a0_0;
    %concati/vec4 3, 0, 4;
    %ix/vec4 4;
    %load/vec4a v0x7fffc817f9c0, 4;
    %store/vec4 v0x7fffc81816c0_0, 0, 8;
    %pushi/vec4 1, 0, 64;
    %ix/vec4 4;
    %delayx 4;
    %load/vec4 v0x7fffc81816c0_0;
    %ix/load 4, 24, 0;
    %flag_set/imm 4, 0;
    %store/vec4 v0x7fffc817fbf0_0, 4, 8;
    %load/vec4 v0x7fffc817f7a0_0;
    %concati/vec4 4, 0, 4;
    %ix/vec4 4;
    %load/vec4a v0x7fffc817f9c0, 4;
    %store/vec4 v0x7fffc81817a0_0, 0, 8;
    %pushi/vec4 1, 0, 64;
    %ix/vec4 4;
    %delayx 4;
    %load/vec4 v0x7fffc81817a0_0;
    %ix/load 4, 32, 0;
    %flag_set/imm 4, 0;
    %store/vec4 v0x7fffc817fbf0_0, 4, 8;
    %load/vec4 v0x7fffc817f7a0_0;
    %concati/vec4 5, 0, 4;
    %ix/vec4 4;
    %load/vec4a v0x7fffc817f9c0, 4;
    %store/vec4 v0x7fffc8181880_0, 0, 8;
    %pushi/vec4 1, 0, 64;
    %ix/vec4 4;
    %delayx 4;
    %load/vec4 v0x7fffc8181880_0;
    %ix/load 4, 40, 0;
    %flag_set/imm 4, 0;
    %store/vec4 v0x7fffc817fbf0_0, 4, 8;
    %load/vec4 v0x7fffc817f7a0_0;
    %concati/vec4 6, 0, 4;
    %ix/vec4 4;
    %load/vec4a v0x7fffc817f9c0, 4;
    %store/vec4 v0x7fffc8181960_0, 0, 8;
    %pushi/vec4 1, 0, 64;
    %ix/vec4 4;
    %delayx 4;
    %load/vec4 v0x7fffc8181960_0;
    %ix/load 4, 48, 0;
    %flag_set/imm 4, 0;
    %store/vec4 v0x7fffc817fbf0_0, 4, 8;
    %load/vec4 v0x7fffc817f7a0_0;
    %concati/vec4 7, 0, 4;
    %ix/vec4 4;
    %load/vec4a v0x7fffc817f9c0, 4;
    %store/vec4 v0x7fffc8181a40_0, 0, 8;
    %pushi/vec4 1, 0, 64;
    %ix/vec4 4;
    %delayx 4;
    %load/vec4 v0x7fffc8181a40_0;
    %ix/load 4, 56, 0;
    %flag_set/imm 4, 0;
    %store/vec4 v0x7fffc817fbf0_0, 4, 8;
    %load/vec4 v0x7fffc817f7a0_0;
    %concati/vec4 8, 0, 4;
    %ix/vec4 4;
    %load/vec4a v0x7fffc817f9c0, 4;
    %store/vec4 v0x7fffc817ffa0_0, 0, 8;
    %pushi/vec4 1, 0, 64;
    %ix/vec4 4;
    %delayx 4;
    %load/vec4 v0x7fffc817ffa0_0;
    %ix/load 4, 64, 0;
    %flag_set/imm 4, 0;
    %store/vec4 v0x7fffc817fbf0_0, 4, 8;
    %load/vec4 v0x7fffc817f7a0_0;
    %concati/vec4 9, 0, 4;
    %ix/vec4 4;
    %load/vec4a v0x7fffc817f9c0, 4;
    %store/vec4 v0x7fffc8180040_0, 0, 8;
    %pushi/vec4 1, 0, 64;
    %ix/vec4 4;
    %delayx 4;
    %load/vec4 v0x7fffc8180040_0;
    %ix/load 4, 72, 0;
    %flag_set/imm 4, 0;
    %store/vec4 v0x7fffc817fbf0_0, 4, 8;
    %load/vec4 v0x7fffc817f7a0_0;
    %concati/vec4 10, 0, 4;
    %ix/vec4 4;
    %load/vec4a v0x7fffc817f9c0, 4;
    %store/vec4 v0x7fffc81800e0_0, 0, 8;
    %pushi/vec4 1, 0, 64;
    %ix/vec4 4;
    %delayx 4;
    %load/vec4 v0x7fffc81800e0_0;
    %ix/load 4, 80, 0;
    %flag_set/imm 4, 0;
    %store/vec4 v0x7fffc817fbf0_0, 4, 8;
    %load/vec4 v0x7fffc817f7a0_0;
    %concati/vec4 11, 0, 4;
    %ix/vec4 4;
    %load/vec4a v0x7fffc817f9c0, 4;
    %store/vec4 v0x7fffc81801c0_0, 0, 8;
    %pushi/vec4 1, 0, 64;
    %ix/vec4 4;
    %delayx 4;
    %load/vec4 v0x7fffc81801c0_0;
    %ix/load 4, 88, 0;
    %flag_set/imm 4, 0;
    %store/vec4 v0x7fffc817fbf0_0, 4, 8;
    %load/vec4 v0x7fffc817f7a0_0;
    %concati/vec4 12, 0, 4;
    %ix/vec4 4;
    %load/vec4a v0x7fffc817f9c0, 4;
    %store/vec4 v0x7fffc81802a0_0, 0, 8;
    %pushi/vec4 1, 0, 64;
    %ix/vec4 4;
    %delayx 4;
    %load/vec4 v0x7fffc81802a0_0;
    %ix/load 4, 96, 0;
    %flag_set/imm 4, 0;
    %store/vec4 v0x7fffc817fbf0_0, 4, 8;
    %load/vec4 v0x7fffc817f7a0_0;
    %concati/vec4 13, 0, 4;
    %ix/vec4 4;
    %load/vec4a v0x7fffc817f9c0, 4;
    %store/vec4 v0x7fffc8180380_0, 0, 8;
    %pushi/vec4 1, 0, 64;
    %ix/vec4 4;
    %delayx 4;
    %load/vec4 v0x7fffc8180380_0;
    %ix/load 4, 104, 0;
    %flag_set/imm 4, 0;
    %store/vec4 v0x7fffc817fbf0_0, 4, 8;
    %load/vec4 v0x7fffc817f7a0_0;
    %concati/vec4 14, 0, 4;
    %ix/vec4 4;
    %load/vec4a v0x7fffc817f9c0, 4;
    %store/vec4 v0x7fffc8180460_0, 0, 8;
    %pushi/vec4 1, 0, 64;
    %ix/vec4 4;
    %delayx 4;
    %load/vec4 v0x7fffc8180460_0;
    %ix/load 4, 112, 0;
    %flag_set/imm 4, 0;
    %store/vec4 v0x7fffc817fbf0_0, 4, 8;
    %load/vec4 v0x7fffc817f7a0_0;
    %concati/vec4 15, 0, 4;
    %ix/vec4 4;
    %load/vec4a v0x7fffc817f9c0, 4;
    %store/vec4 v0x7fffc8180540_0, 0, 8;
    %pushi/vec4 1, 0, 64;
    %ix/vec4 4;
    %delayx 4;
    %load/vec4 v0x7fffc8180540_0;
    %ix/load 4, 120, 0;
    %flag_set/imm 4, 0;
    %store/vec4 v0x7fffc817fbf0_0, 4, 8;
    %pushi/vec4 0, 0, 1;
    %store/vec4 v0x7fffc817f880_0, 0, 1;
    %pushi/vec4 0, 0, 1;
    %store/vec4 v0x7fffc817fb50_0, 0, 1;
T_10.0 ;
    %load/vec4 v0x7fffc817fe30_0;
    %flag_set/vec4 8;
    %jmp/0xz  T_10.2, 8;
    %load/vec4 v0x7fffc817fed0_0;
    %parti/s 8, 0, 2;
    %store/vec4 v0x7fffc8180620_0, 0, 8;
    %pushi/vec4 1, 0, 64;
    %ix/vec4 4;
    %delayx 4;
    %load/vec4 v0x7fffc8180620_0;
    %load/vec4 v0x7fffc817f7a0_0;
    %concati/vec4 0, 0, 4;
    %ix/vec4 4;
    %store/vec4a v0x7fffc817f9c0, 4, 0;
    %load/vec4 v0x7fffc817fed0_0;
    %parti/s 8, 8, 5;
    %store/vec4 v0x7fffc8180700_0, 0, 8;
    %pushi/vec4 1, 0, 64;
    %ix/vec4 4;
    %delayx 4;
    %load/vec4 v0x7fffc8180700_0;
    %load/vec4 v0x7fffc817f7a0_0;
    %concati/vec4 1, 0, 4;
    %ix/vec4 4;
    %store/vec4a v0x7fffc817f9c0, 4, 0;
    %load/vec4 v0x7fffc817fed0_0;
    %parti/s 8, 16, 6;
    %store/vec4 v0x7fffc81808c0_0, 0, 8;
    %pushi/vec4 1, 0, 64;
    %ix/vec4 4;
    %delayx 4;
    %load/vec4 v0x7fffc81808c0_0;
    %load/vec4 v0x7fffc817f7a0_0;
    %concati/vec4 2, 0, 4;
    %ix/vec4 4;
    %store/vec4a v0x7fffc817f9c0, 4, 0;
    %load/vec4 v0x7fffc817fed0_0;
    %parti/s 8, 24, 6;
    %store/vec4 v0x7fffc81809a0_0, 0, 8;
    %pushi/vec4 1, 0, 64;
    %ix/vec4 4;
    %delayx 4;
    %load/vec4 v0x7fffc81809a0_0;
    %load/vec4 v0x7fffc817f7a0_0;
    %concati/vec4 3, 0, 4;
    %ix/vec4 4;
    %store/vec4a v0x7fffc817f9c0, 4, 0;
    %load/vec4 v0x7fffc817fed0_0;
    %parti/s 8, 32, 7;
    %store/vec4 v0x7fffc8180a80_0, 0, 8;
    %pushi/vec4 1, 0, 64;
    %ix/vec4 4;
    %delayx 4;
    %load/vec4 v0x7fffc8180a80_0;
    %load/vec4 v0x7fffc817f7a0_0;
    %concati/vec4 4, 0, 4;
    %ix/vec4 4;
    %store/vec4a v0x7fffc817f9c0, 4, 0;
    %load/vec4 v0x7fffc817fed0_0;
    %parti/s 8, 40, 7;
    %store/vec4 v0x7fffc8180b60_0, 0, 8;
    %pushi/vec4 1, 0, 64;
    %ix/vec4 4;
    %delayx 4;
    %load/vec4 v0x7fffc8180b60_0;
    %load/vec4 v0x7fffc817f7a0_0;
    %concati/vec4 5, 0, 4;
    %ix/vec4 4;
    %store/vec4a v0x7fffc817f9c0, 4, 0;
    %load/vec4 v0x7fffc817fed0_0;
    %parti/s 8, 48, 7;
    %store/vec4 v0x7fffc8180c40_0, 0, 8;
    %pushi/vec4 1, 0, 64;
    %ix/vec4 4;
    %delayx 4;
    %load/vec4 v0x7fffc8180c40_0;
    %load/vec4 v0x7fffc817f7a0_0;
    %concati/vec4 6, 0, 4;
    %ix/vec4 4;
    %store/vec4a v0x7fffc817f9c0, 4, 0;
    %load/vec4 v0x7fffc817fed0_0;
    %parti/s 8, 56, 7;
    %store/vec4 v0x7fffc8180d20_0, 0, 8;
    %pushi/vec4 1, 0, 64;
    %ix/vec4 4;
    %delayx 4;
    %load/vec4 v0x7fffc8180d20_0;
    %load/vec4 v0x7fffc817f7a0_0;
    %concati/vec4 7, 0, 4;
    %ix/vec4 4;
    %store/vec4a v0x7fffc817f9c0, 4, 0;
    %load/vec4 v0x7fffc817fed0_0;
    %parti/s 8, 64, 8;
    %store/vec4 v0x7fffc8180e00_0, 0, 8;
    %pushi/vec4 1, 0, 64;
    %ix/vec4 4;
    %delayx 4;
    %load/vec4 v0x7fffc8180e00_0;
    %load/vec4 v0x7fffc817f7a0_0;
    %concati/vec4 8, 0, 4;
    %ix/vec4 4;
    %store/vec4a v0x7fffc817f9c0, 4, 0;
    %load/vec4 v0x7fffc817fed0_0;
    %parti/s 8, 72, 8;
    %store/vec4 v0x7fffc8180ee0_0, 0, 8;
    %pushi/vec4 1, 0, 64;
    %ix/vec4 4;
    %delayx 4;
    %load/vec4 v0x7fffc8180ee0_0;
    %load/vec4 v0x7fffc817f7a0_0;
    %concati/vec4 9, 0, 4;
    %ix/vec4 4;
    %store/vec4a v0x7fffc817f9c0, 4, 0;
    %load/vec4 v0x7fffc817fed0_0;
    %parti/s 8, 80, 8;
    %store/vec4 v0x7fffc8180fc0_0, 0, 8;
    %pushi/vec4 1, 0, 64;
    %ix/vec4 4;
    %delayx 4;
    %load/vec4 v0x7fffc8180fc0_0;
    %load/vec4 v0x7fffc817f7a0_0;
    %concati/vec4 10, 0, 4;
    %ix/vec4 4;
    %store/vec4a v0x7fffc817f9c0, 4, 0;
    %load/vec4 v0x7fffc817fed0_0;
    %parti/s 8, 88, 8;
    %store/vec4 v0x7fffc81810a0_0, 0, 8;
    %pushi/vec4 1, 0, 64;
    %ix/vec4 4;
    %delayx 4;
    %load/vec4 v0x7fffc81810a0_0;
    %load/vec4 v0x7fffc817f7a0_0;
    %concati/vec4 11, 0, 4;
    %ix/vec4 4;
    %store/vec4a v0x7fffc817f9c0, 4, 0;
    %load/vec4 v0x7fffc817fed0_0;
    %parti/s 8, 96, 8;
    %store/vec4 v0x7fffc8181260_0, 0, 8;
    %pushi/vec4 1, 0, 64;
    %ix/vec4 4;
    %delayx 4;
    %load/vec4 v0x7fffc8181260_0;
    %load/vec4 v0x7fffc817f7a0_0;
    %concati/vec4 12, 0, 4;
    %ix/vec4 4;
    %store/vec4a v0x7fffc817f9c0, 4, 0;
    %load/vec4 v0x7fffc817fed0_0;
    %parti/s 8, 104, 8;
    %store/vec4 v0x7fffc8181340_0, 0, 8;
    %pushi/vec4 1, 0, 64;
    %ix/vec4 4;
    %delayx 4;
    %load/vec4 v0x7fffc8181340_0;
    %load/vec4 v0x7fffc817f7a0_0;
    %concati/vec4 13, 0, 4;
    %ix/vec4 4;
    %store/vec4a v0x7fffc817f9c0, 4, 0;
    %load/vec4 v0x7fffc817fed0_0;
    %parti/s 8, 112, 8;
    %store/vec4 v0x7fffc8181420_0, 0, 8;
    %pushi/vec4 1, 0, 64;
    %ix/vec4 4;
    %delayx 4;
    %load/vec4 v0x7fffc8181420_0;
    %load/vec4 v0x7fffc817f7a0_0;
    %concati/vec4 14, 0, 4;
    %ix/vec4 4;
    %store/vec4a v0x7fffc817f9c0, 4, 0;
    %load/vec4 v0x7fffc817fed0_0;
    %parti/s 8, 120, 8;
    %store/vec4 v0x7fffc8181500_0, 0, 8;
    %pushi/vec4 1, 0, 64;
    %ix/vec4 4;
    %delayx 4;
    %load/vec4 v0x7fffc8181500_0;
    %load/vec4 v0x7fffc817f7a0_0;
    %concati/vec4 15, 0, 4;
    %ix/vec4 4;
    %store/vec4a v0x7fffc817f9c0, 4, 0;
    %pushi/vec4 0, 0, 1;
    %store/vec4 v0x7fffc817f880_0, 0, 1;
    %pushi/vec4 0, 0, 1;
    %store/vec4 v0x7fffc817fe30_0, 0, 1;
T_10.2 ;
    %jmp T_10;
    .thread T_10;
    .scope S_0x7fffc817f490;
T_11 ;
    %wait E_0x7fffc80f0ce0;
    %load/vec4 v0x7fffc817fc90_0;
    %flag_set/vec4 8;
    %jmp/0xz  T_11.0, 8;
    %pushi/vec4 0, 0, 32;
    %store/vec4 v0x7fffc8181b20_0, 0, 32;
T_11.2 ;
    %load/vec4 v0x7fffc8181b20_0;
    %cmpi/s 524288, 0, 32;
    %jmp/0xz T_11.3, 5;
    %pushi/vec4 0, 0, 8;
    %ix/getv/s 4, v0x7fffc8181b20_0;
    %store/vec4a v0x7fffc817f9c0, 4, 0;
    %load/vec4 v0x7fffc8181b20_0;
    %addi 1, 0, 32;
    %store/vec4 v0x7fffc8181b20_0, 0, 32;
    %jmp T_11.2;
T_11.3 ;
    %pushi/vec4 0, 0, 1;
    %store/vec4 v0x7fffc817f880_0, 0, 1;
    %pushi/vec4 0, 0, 1;
    %store/vec4 v0x7fffc817fb50_0, 0, 1;
    %pushi/vec4 0, 0, 1;
    %store/vec4 v0x7fffc817fe30_0, 0, 1;
T_11.0 ;
    %jmp T_11;
    .thread T_11;
    .scope S_0x7fffc80fca70;
T_12 ;
    %vpi_call 2 25 "$dumpfile", "data_cache_wavedata.vcd" {0 0 0};
    %vpi_call 2 26 "$dumpvars", 32'sb00000000000000000000000000000000, S_0x7fffc80fca70 {0 0 0};
    %pushi/vec4 0, 0, 32;
    %store/vec4 v0x7fffc81828e0_0, 0, 32;
T_12.0 ;
    %load/vec4 v0x7fffc81828e0_0;
    %cmpi/s 16, 0, 32;
    %jmp/0xz T_12.1, 5;
    %vpi_call 2 27 "$dumpvars", 32'sb00000000000000000000000000000000, &A<v0x7fffc8157ac0, v0x7fffc81828e0_0 > {0 0 0};
    %load/vec4 v0x7fffc81828e0_0;
    %addi 1, 0, 32;
    %store/vec4 v0x7fffc81828e0_0, 0, 32;
    %jmp T_12.0;
T_12.1 ;
    %pushi/vec4 0, 0, 32;
    %store/vec4 v0x7fffc81828e0_0, 0, 32;
T_12.2 ;
    %load/vec4 v0x7fffc81828e0_0;
    %cmpi/s 16, 0, 32;
    %jmp/0xz T_12.3, 5;
    %vpi_call 2 28 "$dumpvars", 32'sb00000000000000000000000000000000, &A<v0x7fffc817c5e0, v0x7fffc81828e0_0 > {0 0 0};
    %load/vec4 v0x7fffc81828e0_0;
    %addi 1, 0, 32;
    %store/vec4 v0x7fffc81828e0_0, 0, 32;
    %jmp T_12.2;
T_12.3 ;
    %pushi/vec4 0, 0, 32;
    %store/vec4 v0x7fffc81828e0_0, 0, 32;
T_12.4 ;
    %load/vec4 v0x7fffc81828e0_0;
    %cmpi/s 16, 0, 32;
    %jmp/0xz T_12.5, 5;
    %vpi_call 2 29 "$dumpvars", 32'sb00000000000000000000000000000000, &A<v0x7fffc817b580, v0x7fffc81828e0_0 > {0 0 0};
    %load/vec4 v0x7fffc81828e0_0;
    %addi 1, 0, 32;
    %store/vec4 v0x7fffc81828e0_0, 0, 32;
    %jmp T_12.4;
T_12.5 ;
    %pushi/vec4 0, 0, 32;
    %store/vec4 v0x7fffc81828e0_0, 0, 32;
T_12.6 ;
    %load/vec4 v0x7fffc81828e0_0;
    %cmpi/s 16, 0, 32;
    %jmp/0xz T_12.7, 5;
    %vpi_call 2 30 "$dumpvars", 32'sb00000000000000000000000000000000, &A<v0x7fffc817c840, v0x7fffc81828e0_0 > {0 0 0};
    %load/vec4 v0x7fffc81828e0_0;
    %addi 1, 0, 32;
    %store/vec4 v0x7fffc81828e0_0, 0, 32;
    %jmp T_12.6;
T_12.7 ;
    %pushi/vec4 0, 0, 32;
    %store/vec4 v0x7fffc81828e0_0, 0, 32;
T_12.8 ;
    %load/vec4 v0x7fffc81828e0_0;
    %cmpi/s 32, 0, 32;
    %jmp/0xz T_12.9, 5;
    %vpi_call 2 31 "$dumpvars", 32'sb00000000000000000000000000000000, &A<v0x7fffc817f9c0, v0x7fffc81828e0_0 > {0 0 0};
    %load/vec4 v0x7fffc81828e0_0;
    %addi 1, 0, 32;
    %store/vec4 v0x7fffc81828e0_0, 0, 32;
    %jmp T_12.8;
T_12.9 ;
    %pushi/vec4 1, 0, 1;
    %store/vec4 v0x7fffc8181ee0_0, 0, 1;
    %delay 1, 0;
    %pushi/vec4 0, 0, 1;
    %store/vec4 v0x7fffc81826b0_0, 0, 1;
    %delay 1, 0;
    %pushi/vec4 1, 0, 1;
    %store/vec4 v0x7fffc81826b0_0, 0, 1;
    %delay 1, 0;
    %pushi/vec4 0, 0, 1;
    %store/vec4 v0x7fffc81826b0_0, 0, 1;
    %delay 10, 0;
    %pushi/vec4 3, 0, 2;
    %store/vec4 v0x7fffc81827a0_0, 0, 2;
    %pushi/vec4 0, 0, 32;
    %store/vec4 v0x7fffc8181d00_0, 0, 32;
    %pushi/vec4 3221291011, 0, 32;
    %store/vec4 v0x7fffc8182840_0, 0, 32;
    %delay 300, 0;
    %pushi/vec4 3, 0, 3;
    %store/vec4 v0x7fffc8182550_0, 0, 3;
    %pushi/vec4 0, 0, 32;
    %store/vec4 v0x7fffc8181d00_0, 0, 32;
    %delay 300, 0;
    %load/vec4 v0x7fffc8182840_0;
    %load/vec4 v0x7fffc8182610_0;
    %cmp/ne;
    %jmp/0xz  T_12.10, 6;
    %vpi_call 2 54 "$display", "Verification faild for %s [Original value - %b  Generated value %b] ( line %0d)", "Data cache", v0x7fffc8182610_0, v0x7fffc8182840_0, 32'sb00000000000000000000000000110100 {0 0 0};
    %vpi_call 2 55 "$finish" {0 0 0};
T_12.10 ;
    %vpi_call 2 57 "$display", "%s Passed!", "Data cache" {0 0 0};
    %delay 500, 0;
    %vpi_call 2 54 "$finish" {0 0 0};
    %end;
    .thread T_12;
    .scope S_0x7fffc80fca70;
T_13 ;
    %delay 4, 0;
    %load/vec4 v0x7fffc8181ee0_0;
    %inv;
    %store/vec4 v0x7fffc8181ee0_0, 0, 1;
    %jmp T_13;
    .thread T_13;
# The file index is used to find the file name in the following table.
:file_names 5;
    "N/A";
    "<interactive>";
    "data_cache_tb.v";
    "./data_cache.v";
    "./../Data_Memory/data_memory.v";
