#! /usr/bin/vvp
:ivl_version "11.0 (stable)";
:ivl_delay_selection "TYPICAL";
:vpi_time_precision + 0;
:vpi_module "/usr/lib/x86_64-linux-gnu/ivl/system.vpi";
:vpi_module "/usr/lib/x86_64-linux-gnu/ivl/vhdl_sys.vpi";
:vpi_module "/usr/lib/x86_64-linux-gnu/ivl/vhdl_textio.vpi";
:vpi_module "/usr/lib/x86_64-linux-gnu/ivl/v2005_math.vpi";
:vpi_module "/usr/lib/x86_64-linux-gnu/ivl/va_math.vpi";
S_0x7fffbb2005b0 .scope module, "data_memory_tb" "data_memory_tb" 2 17;
 .timescale 0 0;
v0x7fffbb2215e0_0 .var "ADDRESS", 27 0;
v0x7fffbb2216c0_0 .net "BUSYWAIT", 0 0, v0x7fffbb1e89b0_0;  1 drivers
v0x7fffbb221790_0 .var "CLK", 0 0;
v0x7fffbb221890_0 .var "READ", 0 0;
v0x7fffbb221960_0 .net "READDATA", 127 0, v0x7fffbb221000_0;  1 drivers
v0x7fffbb221a00_0 .var "RESET", 0 0;
v0x7fffbb221ad0_0 .var "WRITE", 0 0;
v0x7fffbb221ba0_0 .var "WRITEDATA", 127 0;
v0x7fffbb221c70_0 .var/i "j", 31 0;
S_0x7fffbb200740 .scope module, "my_data_memory" "data_memory" 2 27, 3 13 0, S_0x7fffbb2005b0;
 .timescale 0 0;
    .port_info 0 /INPUT 1 "CLK";
    .port_info 1 /INPUT 1 "RESET";
    .port_info 2 /INPUT 1 "READ";
    .port_info 3 /INPUT 1 "WRITE";
    .port_info 4 /INPUT 28 "ADDRESS";
    .port_info 5 /INPUT 128 "WRITE_DATA";
    .port_info 6 /OUTPUT 128 "READ_DATA";
    .port_info 7 /OUTPUT 1 "BUSYWAIT";
v0x7fffbb1e8910_0 .net "ADDRESS", 27 0, v0x7fffbb2215e0_0;  1 drivers
v0x7fffbb1e89b0_0 .var "BUSYWAIT", 0 0;
v0x7fffbb220cd0_0 .net "CLK", 0 0, v0x7fffbb221790_0;  1 drivers
v0x7fffbb220d70 .array "MEMMORY", 0 524287, 7 0;
v0x7fffbb220e30_0 .net "READ", 0 0, v0x7fffbb221890_0;  1 drivers
v0x7fffbb220f40_0 .var "READ_ACCESS", 0 0;
v0x7fffbb221000_0 .var "READ_DATA", 127 0;
v0x7fffbb2210e0_0 .net "RESET", 0 0, v0x7fffbb221a00_0;  1 drivers
v0x7fffbb2211a0_0 .net "WRITE", 0 0, v0x7fffbb221ad0_0;  1 drivers
v0x7fffbb221260_0 .var "WRITE_ACCESS", 0 0;
v0x7fffbb221320_0 .net "WRITE_DATA", 127 0, v0x7fffbb221ba0_0;  1 drivers
v0x7fffbb221400_0 .var/i "i", 31 0;
E_0x7fffbb1f1470 .event posedge, v0x7fffbb2210e0_0;
E_0x7fffbb1f20e0 .event posedge, v0x7fffbb220cd0_0;
E_0x7fffbb1db9b0 .event edge, v0x7fffbb220e30_0, v0x7fffbb2211a0_0;
    .scope S_0x7fffbb200740;
T_0 ;
    %wait E_0x7fffbb1db9b0;
    %load/vec4 v0x7fffbb220e30_0;
    %flag_set/vec4 8;
    %load/vec4 v0x7fffbb2211a0_0;
    %flag_set/vec4 9;
    %flag_or 9, 8;
    %jmp/0 T_0.0, 9;
    %pushi/vec4 1, 0, 2;
    %jmp/1 T_0.1, 9;
T_0.0 ; End of true expr.
    %pushi/vec4 0, 0, 2;
    %jmp/0 T_0.1, 9;
 ; End of false expr.
    %blend;
T_0.1;
    %pad/s 1;
    %store/vec4 v0x7fffbb1e89b0_0, 0, 1;
    %load/vec4 v0x7fffbb220e30_0;
    %load/vec4 v0x7fffbb2211a0_0;
    %nor/r;
    %and;
    %flag_set/vec4 8;
    %jmp/0 T_0.2, 8;
    %pushi/vec4 1, 0, 2;
    %jmp/1 T_0.3, 8;
T_0.2 ; End of true expr.
    %pushi/vec4 0, 0, 2;
    %jmp/0 T_0.3, 8;
 ; End of false expr.
    %blend;
T_0.3;
    %pad/s 1;
    %store/vec4 v0x7fffbb220f40_0, 0, 1;
    %load/vec4 v0x7fffbb220e30_0;
    %nor/r;
    %load/vec4 v0x7fffbb2211a0_0;
    %and;
    %flag_set/vec4 8;
    %jmp/0 T_0.4, 8;
    %pushi/vec4 1, 0, 2;
    %jmp/1 T_0.5, 8;
T_0.4 ; End of true expr.
    %pushi/vec4 0, 0, 2;
    %jmp/0 T_0.5, 8;
 ; End of false expr.
    %blend;
T_0.5;
    %pad/s 1;
    %store/vec4 v0x7fffbb221260_0, 0, 1;
    %jmp T_0;
    .thread T_0, $push;
    .scope S_0x7fffbb200740;
T_1 ;
    %wait E_0x7fffbb1f20e0;
    %load/vec4 v0x7fffbb220f40_0;
    %flag_set/vec4 8;
    %jmp/0xz  T_1.0, 8;
    %load/vec4 v0x7fffbb1e8910_0;
    %concati/vec4 0, 0, 4;
    %ix/vec4 4;
    %load/vec4a v0x7fffbb220d70, 4;
    %ix/load 4, 0, 0;
    %flag_set/imm 4, 0;
    %store/vec4 v0x7fffbb221000_0, 4, 8;
    %load/vec4 v0x7fffbb1e8910_0;
    %concati/vec4 1, 0, 4;
    %ix/vec4 4;
    %load/vec4a v0x7fffbb220d70, 4;
    %ix/load 4, 8, 0;
    %flag_set/imm 4, 0;
    %store/vec4 v0x7fffbb221000_0, 4, 8;
    %load/vec4 v0x7fffbb1e8910_0;
    %concati/vec4 2, 0, 4;
    %ix/vec4 4;
    %load/vec4a v0x7fffbb220d70, 4;
    %ix/load 4, 16, 0;
    %flag_set/imm 4, 0;
    %store/vec4 v0x7fffbb221000_0, 4, 8;
    %load/vec4 v0x7fffbb1e8910_0;
    %concati/vec4 3, 0, 4;
    %ix/vec4 4;
    %load/vec4a v0x7fffbb220d70, 4;
    %ix/load 4, 24, 0;
    %flag_set/imm 4, 0;
    %store/vec4 v0x7fffbb221000_0, 4, 8;
    %load/vec4 v0x7fffbb1e8910_0;
    %concati/vec4 4, 0, 4;
    %ix/vec4 4;
    %load/vec4a v0x7fffbb220d70, 4;
    %ix/load 4, 32, 0;
    %flag_set/imm 4, 0;
    %store/vec4 v0x7fffbb221000_0, 4, 8;
    %load/vec4 v0x7fffbb1e8910_0;
    %concati/vec4 5, 0, 4;
    %ix/vec4 4;
    %load/vec4a v0x7fffbb220d70, 4;
    %ix/load 4, 40, 0;
    %flag_set/imm 4, 0;
    %store/vec4 v0x7fffbb221000_0, 4, 8;
    %load/vec4 v0x7fffbb1e8910_0;
    %concati/vec4 6, 0, 4;
    %ix/vec4 4;
    %load/vec4a v0x7fffbb220d70, 4;
    %ix/load 4, 48, 0;
    %flag_set/imm 4, 0;
    %store/vec4 v0x7fffbb221000_0, 4, 8;
    %load/vec4 v0x7fffbb1e8910_0;
    %concati/vec4 7, 0, 4;
    %ix/vec4 4;
    %load/vec4a v0x7fffbb220d70, 4;
    %ix/load 4, 56, 0;
    %flag_set/imm 4, 0;
    %store/vec4 v0x7fffbb221000_0, 4, 8;
    %load/vec4 v0x7fffbb1e8910_0;
    %concati/vec4 8, 0, 4;
    %ix/vec4 4;
    %load/vec4a v0x7fffbb220d70, 4;
    %ix/load 4, 64, 0;
    %flag_set/imm 4, 0;
    %store/vec4 v0x7fffbb221000_0, 4, 8;
    %load/vec4 v0x7fffbb1e8910_0;
    %concati/vec4 9, 0, 4;
    %ix/vec4 4;
    %load/vec4a v0x7fffbb220d70, 4;
    %ix/load 4, 72, 0;
    %flag_set/imm 4, 0;
    %store/vec4 v0x7fffbb221000_0, 4, 8;
    %load/vec4 v0x7fffbb1e8910_0;
    %concati/vec4 10, 0, 4;
    %ix/vec4 4;
    %load/vec4a v0x7fffbb220d70, 4;
    %ix/load 4, 80, 0;
    %flag_set/imm 4, 0;
    %store/vec4 v0x7fffbb221000_0, 4, 8;
    %load/vec4 v0x7fffbb1e8910_0;
    %concati/vec4 11, 0, 4;
    %ix/vec4 4;
    %load/vec4a v0x7fffbb220d70, 4;
    %ix/load 4, 88, 0;
    %flag_set/imm 4, 0;
    %store/vec4 v0x7fffbb221000_0, 4, 8;
    %load/vec4 v0x7fffbb1e8910_0;
    %concati/vec4 12, 0, 4;
    %ix/vec4 4;
    %load/vec4a v0x7fffbb220d70, 4;
    %ix/load 4, 96, 0;
    %flag_set/imm 4, 0;
    %store/vec4 v0x7fffbb221000_0, 4, 8;
    %load/vec4 v0x7fffbb1e8910_0;
    %concati/vec4 13, 0, 4;
    %ix/vec4 4;
    %load/vec4a v0x7fffbb220d70, 4;
    %ix/load 4, 104, 0;
    %flag_set/imm 4, 0;
    %store/vec4 v0x7fffbb221000_0, 4, 8;
    %load/vec4 v0x7fffbb1e8910_0;
    %concati/vec4 14, 0, 4;
    %ix/vec4 4;
    %load/vec4a v0x7fffbb220d70, 4;
    %ix/load 4, 112, 0;
    %flag_set/imm 4, 0;
    %store/vec4 v0x7fffbb221000_0, 4, 8;
    %load/vec4 v0x7fffbb1e8910_0;
    %concati/vec4 15, 0, 4;
    %ix/vec4 4;
    %load/vec4a v0x7fffbb220d70, 4;
    %ix/load 4, 120, 0;
    %flag_set/imm 4, 0;
    %store/vec4 v0x7fffbb221000_0, 4, 8;
    %pushi/vec4 0, 0, 1;
    %store/vec4 v0x7fffbb1e89b0_0, 0, 1;
    %pushi/vec4 0, 0, 1;
    %store/vec4 v0x7fffbb220f40_0, 0, 1;
T_1.0 ;
    %load/vec4 v0x7fffbb221260_0;
    %flag_set/vec4 8;
    %jmp/0xz  T_1.2, 8;
    %load/vec4 v0x7fffbb221320_0;
    %parti/s 8, 0, 2;
    %load/vec4 v0x7fffbb1e8910_0;
    %concati/vec4 0, 0, 4;
    %ix/vec4 4;
    %store/vec4a v0x7fffbb220d70, 4, 0;
    %load/vec4 v0x7fffbb221320_0;
    %parti/s 8, 8, 5;
    %load/vec4 v0x7fffbb1e8910_0;
    %concati/vec4 1, 0, 4;
    %ix/vec4 4;
    %store/vec4a v0x7fffbb220d70, 4, 0;
    %load/vec4 v0x7fffbb221320_0;
    %parti/s 8, 16, 6;
    %load/vec4 v0x7fffbb1e8910_0;
    %concati/vec4 2, 0, 4;
    %ix/vec4 4;
    %store/vec4a v0x7fffbb220d70, 4, 0;
    %load/vec4 v0x7fffbb221320_0;
    %parti/s 8, 24, 6;
    %load/vec4 v0x7fffbb1e8910_0;
    %concati/vec4 3, 0, 4;
    %ix/vec4 4;
    %store/vec4a v0x7fffbb220d70, 4, 0;
    %load/vec4 v0x7fffbb221320_0;
    %parti/s 8, 32, 7;
    %load/vec4 v0x7fffbb1e8910_0;
    %concati/vec4 4, 0, 4;
    %ix/vec4 4;
    %store/vec4a v0x7fffbb220d70, 4, 0;
    %load/vec4 v0x7fffbb221320_0;
    %parti/s 8, 40, 7;
    %load/vec4 v0x7fffbb1e8910_0;
    %concati/vec4 5, 0, 4;
    %ix/vec4 4;
    %store/vec4a v0x7fffbb220d70, 4, 0;
    %load/vec4 v0x7fffbb221320_0;
    %parti/s 8, 48, 7;
    %load/vec4 v0x7fffbb1e8910_0;
    %concati/vec4 6, 0, 4;
    %ix/vec4 4;
    %store/vec4a v0x7fffbb220d70, 4, 0;
    %load/vec4 v0x7fffbb221320_0;
    %parti/s 8, 56, 7;
    %load/vec4 v0x7fffbb1e8910_0;
    %concati/vec4 7, 0, 4;
    %ix/vec4 4;
    %store/vec4a v0x7fffbb220d70, 4, 0;
    %load/vec4 v0x7fffbb221320_0;
    %parti/s 8, 64, 8;
    %load/vec4 v0x7fffbb1e8910_0;
    %concati/vec4 8, 0, 4;
    %ix/vec4 4;
    %store/vec4a v0x7fffbb220d70, 4, 0;
    %load/vec4 v0x7fffbb221320_0;
    %parti/s 8, 72, 8;
    %load/vec4 v0x7fffbb1e8910_0;
    %concati/vec4 9, 0, 4;
    %ix/vec4 4;
    %store/vec4a v0x7fffbb220d70, 4, 0;
    %load/vec4 v0x7fffbb221320_0;
    %parti/s 8, 80, 8;
    %load/vec4 v0x7fffbb1e8910_0;
    %concati/vec4 10, 0, 4;
    %ix/vec4 4;
    %store/vec4a v0x7fffbb220d70, 4, 0;
    %load/vec4 v0x7fffbb221320_0;
    %parti/s 8, 88, 8;
    %load/vec4 v0x7fffbb1e8910_0;
    %concati/vec4 11, 0, 4;
    %ix/vec4 4;
    %store/vec4a v0x7fffbb220d70, 4, 0;
    %load/vec4 v0x7fffbb221320_0;
    %parti/s 8, 96, 8;
    %load/vec4 v0x7fffbb1e8910_0;
    %concati/vec4 12, 0, 4;
    %ix/vec4 4;
    %store/vec4a v0x7fffbb220d70, 4, 0;
    %load/vec4 v0x7fffbb221320_0;
    %parti/s 8, 104, 8;
    %load/vec4 v0x7fffbb1e8910_0;
    %concati/vec4 13, 0, 4;
    %ix/vec4 4;
    %store/vec4a v0x7fffbb220d70, 4, 0;
    %load/vec4 v0x7fffbb221320_0;
    %parti/s 8, 112, 8;
    %load/vec4 v0x7fffbb1e8910_0;
    %concati/vec4 14, 0, 4;
    %ix/vec4 4;
    %store/vec4a v0x7fffbb220d70, 4, 0;
    %load/vec4 v0x7fffbb221320_0;
    %parti/s 8, 120, 8;
    %load/vec4 v0x7fffbb1e8910_0;
    %concati/vec4 15, 0, 4;
    %ix/vec4 4;
    %store/vec4a v0x7fffbb220d70, 4, 0;
    %pushi/vec4 0, 0, 1;
    %store/vec4 v0x7fffbb1e89b0_0, 0, 1;
    %pushi/vec4 0, 0, 1;
    %store/vec4 v0x7fffbb221260_0, 0, 1;
T_1.2 ;
    %jmp T_1;
    .thread T_1;
    .scope S_0x7fffbb200740;
T_2 ;
    %wait E_0x7fffbb1f1470;
    %load/vec4 v0x7fffbb2210e0_0;
    %flag_set/vec4 8;
    %jmp/0xz  T_2.0, 8;
    %pushi/vec4 0, 0, 32;
    %store/vec4 v0x7fffbb221400_0, 0, 32;
T_2.2 ;
    %load/vec4 v0x7fffbb221400_0;
    %cmpi/s 524288, 0, 32;
    %jmp/0xz T_2.3, 5;
    %pushi/vec4 0, 0, 8;
    %ix/getv/s 4, v0x7fffbb221400_0;
    %store/vec4a v0x7fffbb220d70, 4, 0;
    %load/vec4 v0x7fffbb221400_0;
    %addi 1, 0, 32;
    %store/vec4 v0x7fffbb221400_0, 0, 32;
    %jmp T_2.2;
T_2.3 ;
    %pushi/vec4 0, 0, 1;
    %store/vec4 v0x7fffbb1e89b0_0, 0, 1;
    %pushi/vec4 0, 0, 1;
    %store/vec4 v0x7fffbb220f40_0, 0, 1;
    %pushi/vec4 0, 0, 1;
    %store/vec4 v0x7fffbb221260_0, 0, 1;
T_2.0 ;
    %jmp T_2;
    .thread T_2;
    .scope S_0x7fffbb2005b0;
T_3 ;
    %vpi_call 2 30 "$dumpfile", "data_memory_wavedata.vcd" {0 0 0};
    %vpi_call 2 31 "$dumpvars", 32'sb00000000000000000000000000000000, S_0x7fffbb2005b0 {0 0 0};
    %pushi/vec4 0, 0, 32;
    %store/vec4 v0x7fffbb221c70_0, 0, 32;
T_3.0 ;
    %load/vec4 v0x7fffbb221c70_0;
    %cmpi/s 100, 0, 32;
    %jmp/0xz T_3.1, 5;
    %vpi_call 2 32 "$dumpvars", 32'sb00000000000000000000000000000000, &A<v0x7fffbb220d70, v0x7fffbb221c70_0 > {0 0 0};
    %load/vec4 v0x7fffbb221c70_0;
    %addi 1, 0, 32;
    %store/vec4 v0x7fffbb221c70_0, 0, 32;
    %jmp T_3.0;
T_3.1 ;
    %pushi/vec4 0, 0, 1;
    %store/vec4 v0x7fffbb221790_0, 0, 1;
    %pushi/vec4 0, 0, 1;
    %store/vec4 v0x7fffbb221a00_0, 0, 1;
    %delay 5, 0;
    %pushi/vec4 1, 0, 1;
    %store/vec4 v0x7fffbb221a00_0, 0, 1;
    %delay 5, 0;
    %pushi/vec4 0, 0, 1;
    %store/vec4 v0x7fffbb221a00_0, 0, 1;
    %pushi/vec4 1, 0, 1;
    %store/vec4 v0x7fffbb221ad0_0, 0, 1;
    %pushi/vec4 0, 0, 1;
    %store/vec4 v0x7fffbb221890_0, 0, 1;
    %pushi/vec4 0, 0, 28;
    %store/vec4 v0x7fffbb2215e0_0, 0, 28;
    %pushi/vec4 2882343476, 0, 32;
    %concati/vec4 2882343476, 0, 32;
    %concati/vec4 2882343476, 0, 32;
    %concati/vec4 2882343476, 0, 32;
    %store/vec4 v0x7fffbb221ba0_0, 0, 128;
    %delay 200, 0;
    %pushi/vec4 0, 0, 1;
    %store/vec4 v0x7fffbb221ad0_0, 0, 1;
    %pushi/vec4 1, 0, 1;
    %store/vec4 v0x7fffbb221890_0, 0, 1;
    %pushi/vec4 0, 0, 28;
    %store/vec4 v0x7fffbb2215e0_0, 0, 28;
    %delay 200, 0;
    %load/vec4 v0x7fffbb221ba0_0;
    %load/vec4 v0x7fffbb221960_0;
    %cmp/ne;
    %jmp/0xz  T_3.2, 6;
    %vpi_call 2 57 "$display", "Verification faild for %s [Original value - %b  Generated value %b] ( line %0d)", "Data memory Read write", v0x7fffbb221960_0, v0x7fffbb221ba0_0, 32'sb00000000000000000000000000110111 {0 0 0};
    %vpi_call 2 58 "$finish" {0 0 0};
T_3.2 ;
    %vpi_call 2 60 "$display", "%s Passed!", "Data memory Read write" {0 0 0};
    %delay 500, 0;
    %vpi_call 2 62 "$finish" {0 0 0};
    %end;
    .thread T_3;
    .scope S_0x7fffbb2005b0;
T_4 ;
    %delay 4, 0;
    %load/vec4 v0x7fffbb221790_0;
    %inv;
    %store/vec4 v0x7fffbb221790_0, 0, 1;
    %jmp T_4;
    .thread T_4;
# The file index is used to find the file name in the following table.
:file_names 4;
    "N/A";
    "<interactive>";
    "data_memory_tb.v";
    "./data_memory.v";
