#! /usr/bin/vvp
:ivl_version "11.0 (stable)";
:ivl_delay_selection "TYPICAL";
:vpi_time_precision + 0;
:vpi_module "/usr/lib/x86_64-linux-gnu/ivl/system.vpi";
:vpi_module "/usr/lib/x86_64-linux-gnu/ivl/vhdl_sys.vpi";
:vpi_module "/usr/lib/x86_64-linux-gnu/ivl/vhdl_textio.vpi";
:vpi_module "/usr/lib/x86_64-linux-gnu/ivl/v2005_math.vpi";
:vpi_module "/usr/lib/x86_64-linux-gnu/ivl/va_math.vpi";
S_0x7fffd917cdf0 .scope module, "data_memory" "data_memory" 2 13;
 .timescale 0 0;
    .port_info 0 /INPUT 1 "CLK";
    .port_info 1 /INPUT 1 "RESET";
    .port_info 2 /INPUT 1 "READ";
    .port_info 3 /INPUT 1 "WRITE";
    .port_info 4 /INPUT 28 "ADDRESS";
    .port_info 5 /INPUT 128 "WRITEDATA";
    .port_info 6 /OUTPUT 128 "READDATA";
    .port_info 7 /OUTPUT 1 "BUSYWAIT";
o0x7f178d260018 .functor BUFZ 28, C4<zzzzzzzzzzzzzzzzzzzzzzzzzzzz>; HiZ drive
v0x7fffd917d0b0_0 .net "ADDRESS", 27 0, o0x7f178d260018;  0 drivers
v0x7fffd91e5950_0 .var "BUSYWAIT", 0 0;
o0x7f178d260078 .functor BUFZ 1, C4<z>; HiZ drive
v0x7fffd91e5a10_0 .net "CLK", 0 0, o0x7f178d260078;  0 drivers
v0x7fffd91e5ab0 .array "MEM_ARRAY", 0 524287, 7 0;
o0x7f178d2600a8 .functor BUFZ 1, C4<z>; HiZ drive
v0x7fffd91e5b70_0 .net "READ", 0 0, o0x7f178d2600a8;  0 drivers
v0x7fffd91e5c80_0 .var "READACCESS", 0 0;
v0x7fffd91e5d40_0 .var "READDATA", 127 0;
o0x7f178d260138 .functor BUFZ 1, C4<z>; HiZ drive
v0x7fffd91e5e20_0 .net "RESET", 0 0, o0x7f178d260138;  0 drivers
o0x7f178d260168 .functor BUFZ 1, C4<z>; HiZ drive
v0x7fffd91e5ee0_0 .net "WRITE", 0 0, o0x7f178d260168;  0 drivers
v0x7fffd91e5fa0_0 .var "WRITEACCESS", 0 0;
o0x7f178d2601c8 .functor BUFZ 128, C4<zzzzzzzzzzzzzzzzzzzzzzzzzzzzzzzzzzzzzzzzzzzzzzzzzzzzzzzzzzzzzzzzzzzzzzzzzzzzzzzzzzzzzzzzzzzzzzzzzzzzzzzzzzzzzzzzzzzzzzzzzzzzzzzz>; HiZ drive
v0x7fffd91e6060_0 .net "WRITEDATA", 127 0, o0x7f178d2601c8;  0 drivers
v0x7fffd91e6140_0 .var *"_ivl_10", 7 0; Local signal
v0x7fffd91e6220_0 .var *"_ivl_11", 7 0; Local signal
v0x7fffd91e6300_0 .var *"_ivl_12", 7 0; Local signal
v0x7fffd91e63e0_0 .var *"_ivl_13", 7 0; Local signal
v0x7fffd91e64c0_0 .var *"_ivl_14", 7 0; Local signal
v0x7fffd91e65a0_0 .var *"_ivl_15", 7 0; Local signal
v0x7fffd91e6680_0 .var *"_ivl_16", 7 0; Local signal
v0x7fffd91e6760_0 .var *"_ivl_17", 7 0; Local signal
v0x7fffd91e6840_0 .var *"_ivl_18", 7 0; Local signal
v0x7fffd91e6920_0 .var *"_ivl_19", 7 0; Local signal
v0x7fffd91e6a00_0 .var *"_ivl_2", 7 0; Local signal
v0x7fffd91e6ae0_0 .var *"_ivl_20", 7 0; Local signal
v0x7fffd91e6bc0_0 .var *"_ivl_21", 7 0; Local signal
v0x7fffd91e6ca0_0 .var *"_ivl_22", 7 0; Local signal
v0x7fffd91e6d80_0 .var *"_ivl_23", 7 0; Local signal
v0x7fffd91e6e60_0 .var *"_ivl_24", 7 0; Local signal
v0x7fffd91e6f40_0 .var *"_ivl_25", 7 0; Local signal
v0x7fffd91e7020_0 .var *"_ivl_26", 7 0; Local signal
v0x7fffd91e7100_0 .var *"_ivl_27", 7 0; Local signal
v0x7fffd91e71e0_0 .var *"_ivl_28", 7 0; Local signal
v0x7fffd91e72c0_0 .var *"_ivl_29", 7 0; Local signal
v0x7fffd91e73a0_0 .var *"_ivl_3", 7 0; Local signal
v0x7fffd91e7690_0 .var *"_ivl_30", 7 0; Local signal
v0x7fffd91e7770_0 .var *"_ivl_31", 7 0; Local signal
v0x7fffd91e7850_0 .var *"_ivl_32", 7 0; Local signal
v0x7fffd91e7930_0 .var *"_ivl_33", 7 0; Local signal
v0x7fffd91e7a10_0 .var *"_ivl_4", 7 0; Local signal
v0x7fffd91e7af0_0 .var *"_ivl_5", 7 0; Local signal
v0x7fffd91e7bd0_0 .var *"_ivl_6", 7 0; Local signal
v0x7fffd91e7cb0_0 .var *"_ivl_7", 7 0; Local signal
v0x7fffd91e7d90_0 .var *"_ivl_8", 7 0; Local signal
v0x7fffd91e7e70_0 .var *"_ivl_9", 7 0; Local signal
v0x7fffd91e7f50_0 .var/i "i", 31 0;
E_0x7fffd91b6430 .event posedge, v0x7fffd91e5e20_0;
E_0x7fffd91b70a0 .event posedge, v0x7fffd91e5a10_0;
E_0x7fffd91a09b0 .event edge, v0x7fffd91e5b70_0, v0x7fffd91e5ee0_0;
    .scope S_0x7fffd917cdf0;
T_0 ;
    %wait E_0x7fffd91a09b0;
    %load/vec4 v0x7fffd91e5b70_0;
    %flag_set/vec4 8;
    %load/vec4 v0x7fffd91e5ee0_0;
    %flag_set/vec4 9;
    %flag_or 9, 8;
    %jmp/0 T_0.0, 9;
    %pushi/vec4 1, 0, 2;
    %jmp/1 T_0.1, 9;
T_0.0 ; End of true expr.
    %pushi/vec4 0, 0, 2;
    %jmp/0 T_0.1, 9;
 ; End of false expr.
    %blend;
T_0.1;
    %pad/s 1;
    %store/vec4 v0x7fffd91e5950_0, 0, 1;
    %load/vec4 v0x7fffd91e5b70_0;
    %load/vec4 v0x7fffd91e5ee0_0;
    %nor/r;
    %and;
    %flag_set/vec4 8;
    %jmp/0 T_0.2, 8;
    %pushi/vec4 1, 0, 2;
    %jmp/1 T_0.3, 8;
T_0.2 ; End of true expr.
    %pushi/vec4 0, 0, 2;
    %jmp/0 T_0.3, 8;
 ; End of false expr.
    %blend;
T_0.3;
    %pad/s 1;
    %store/vec4 v0x7fffd91e5c80_0, 0, 1;
    %load/vec4 v0x7fffd91e5b70_0;
    %nor/r;
    %load/vec4 v0x7fffd91e5ee0_0;
    %and;
    %flag_set/vec4 8;
    %jmp/0 T_0.4, 8;
    %pushi/vec4 1, 0, 2;
    %jmp/1 T_0.5, 8;
T_0.4 ; End of true expr.
    %pushi/vec4 0, 0, 2;
    %jmp/0 T_0.5, 8;
 ; End of false expr.
    %blend;
T_0.5;
    %pad/s 1;
    %store/vec4 v0x7fffd91e5fa0_0, 0, 1;
    %jmp T_0;
    .thread T_0, $push;
    .scope S_0x7fffd917cdf0;
T_1 ;
    %wait E_0x7fffd91b70a0;
    %load/vec4 v0x7fffd91e5c80_0;
    %flag_set/vec4 8;
    %jmp/0xz  T_1.0, 8;
    %load/vec4 v0x7fffd917d0b0_0;
    %concati/vec4 0, 0, 4;
    %ix/vec4 4;
    %load/vec4a v0x7fffd91e5ab0, 4;
    %store/vec4 v0x7fffd91e6a00_0, 0, 8;
    %pushi/vec4 40, 0, 64;
    %ix/vec4 4;
    %delayx 4;
    %load/vec4 v0x7fffd91e6a00_0;
    %ix/load 4, 0, 0;
    %flag_set/imm 4, 0;
    %store/vec4 v0x7fffd91e5d40_0, 4, 8;
    %load/vec4 v0x7fffd917d0b0_0;
    %concati/vec4 1, 0, 4;
    %ix/vec4 4;
    %load/vec4a v0x7fffd91e5ab0, 4;
    %store/vec4 v0x7fffd91e73a0_0, 0, 8;
    %pushi/vec4 40, 0, 64;
    %ix/vec4 4;
    %delayx 4;
    %load/vec4 v0x7fffd91e73a0_0;
    %ix/load 4, 8, 0;
    %flag_set/imm 4, 0;
    %store/vec4 v0x7fffd91e5d40_0, 4, 8;
    %load/vec4 v0x7fffd917d0b0_0;
    %concati/vec4 2, 0, 4;
    %ix/vec4 4;
    %load/vec4a v0x7fffd91e5ab0, 4;
    %store/vec4 v0x7fffd91e7a10_0, 0, 8;
    %pushi/vec4 40, 0, 64;
    %ix/vec4 4;
    %delayx 4;
    %load/vec4 v0x7fffd91e7a10_0;
    %ix/load 4, 16, 0;
    %flag_set/imm 4, 0;
    %store/vec4 v0x7fffd91e5d40_0, 4, 8;
    %load/vec4 v0x7fffd917d0b0_0;
    %concati/vec4 3, 0, 4;
    %ix/vec4 4;
    %load/vec4a v0x7fffd91e5ab0, 4;
    %store/vec4 v0x7fffd91e7af0_0, 0, 8;
    %pushi/vec4 40, 0, 64;
    %ix/vec4 4;
    %delayx 4;
    %load/vec4 v0x7fffd91e7af0_0;
    %ix/load 4, 24, 0;
    %flag_set/imm 4, 0;
    %store/vec4 v0x7fffd91e5d40_0, 4, 8;
    %load/vec4 v0x7fffd917d0b0_0;
    %concati/vec4 4, 0, 4;
    %ix/vec4 4;
    %load/vec4a v0x7fffd91e5ab0, 4;
    %store/vec4 v0x7fffd91e7bd0_0, 0, 8;
    %pushi/vec4 40, 0, 64;
    %ix/vec4 4;
    %delayx 4;
    %load/vec4 v0x7fffd91e7bd0_0;
    %ix/load 4, 32, 0;
    %flag_set/imm 4, 0;
    %store/vec4 v0x7fffd91e5d40_0, 4, 8;
    %load/vec4 v0x7fffd917d0b0_0;
    %concati/vec4 5, 0, 4;
    %ix/vec4 4;
    %load/vec4a v0x7fffd91e5ab0, 4;
    %store/vec4 v0x7fffd91e7cb0_0, 0, 8;
    %pushi/vec4 40, 0, 64;
    %ix/vec4 4;
    %delayx 4;
    %load/vec4 v0x7fffd91e7cb0_0;
    %ix/load 4, 40, 0;
    %flag_set/imm 4, 0;
    %store/vec4 v0x7fffd91e5d40_0, 4, 8;
    %load/vec4 v0x7fffd917d0b0_0;
    %concati/vec4 6, 0, 4;
    %ix/vec4 4;
    %load/vec4a v0x7fffd91e5ab0, 4;
    %store/vec4 v0x7fffd91e7d90_0, 0, 8;
    %pushi/vec4 40, 0, 64;
    %ix/vec4 4;
    %delayx 4;
    %load/vec4 v0x7fffd91e7d90_0;
    %ix/load 4, 48, 0;
    %flag_set/imm 4, 0;
    %store/vec4 v0x7fffd91e5d40_0, 4, 8;
    %load/vec4 v0x7fffd917d0b0_0;
    %concati/vec4 7, 0, 4;
    %ix/vec4 4;
    %load/vec4a v0x7fffd91e5ab0, 4;
    %store/vec4 v0x7fffd91e7e70_0, 0, 8;
    %pushi/vec4 40, 0, 64;
    %ix/vec4 4;
    %delayx 4;
    %load/vec4 v0x7fffd91e7e70_0;
    %ix/load 4, 56, 0;
    %flag_set/imm 4, 0;
    %store/vec4 v0x7fffd91e5d40_0, 4, 8;
    %load/vec4 v0x7fffd917d0b0_0;
    %concati/vec4 8, 0, 4;
    %ix/vec4 4;
    %load/vec4a v0x7fffd91e5ab0, 4;
    %store/vec4 v0x7fffd91e6140_0, 0, 8;
    %pushi/vec4 40, 0, 64;
    %ix/vec4 4;
    %delayx 4;
    %load/vec4 v0x7fffd91e6140_0;
    %ix/load 4, 64, 0;
    %flag_set/imm 4, 0;
    %store/vec4 v0x7fffd91e5d40_0, 4, 8;
    %load/vec4 v0x7fffd917d0b0_0;
    %concati/vec4 9, 0, 4;
    %ix/vec4 4;
    %load/vec4a v0x7fffd91e5ab0, 4;
    %store/vec4 v0x7fffd91e6220_0, 0, 8;
    %pushi/vec4 40, 0, 64;
    %ix/vec4 4;
    %delayx 4;
    %load/vec4 v0x7fffd91e6220_0;
    %ix/load 4, 72, 0;
    %flag_set/imm 4, 0;
    %store/vec4 v0x7fffd91e5d40_0, 4, 8;
    %load/vec4 v0x7fffd917d0b0_0;
    %concati/vec4 10, 0, 4;
    %ix/vec4 4;
    %load/vec4a v0x7fffd91e5ab0, 4;
    %store/vec4 v0x7fffd91e6300_0, 0, 8;
    %pushi/vec4 40, 0, 64;
    %ix/vec4 4;
    %delayx 4;
    %load/vec4 v0x7fffd91e6300_0;
    %ix/load 4, 80, 0;
    %flag_set/imm 4, 0;
    %store/vec4 v0x7fffd91e5d40_0, 4, 8;
    %load/vec4 v0x7fffd917d0b0_0;
    %concati/vec4 11, 0, 4;
    %ix/vec4 4;
    %load/vec4a v0x7fffd91e5ab0, 4;
    %store/vec4 v0x7fffd91e63e0_0, 0, 8;
    %pushi/vec4 40, 0, 64;
    %ix/vec4 4;
    %delayx 4;
    %load/vec4 v0x7fffd91e63e0_0;
    %ix/load 4, 88, 0;
    %flag_set/imm 4, 0;
    %store/vec4 v0x7fffd91e5d40_0, 4, 8;
    %load/vec4 v0x7fffd917d0b0_0;
    %concati/vec4 12, 0, 4;
    %ix/vec4 4;
    %load/vec4a v0x7fffd91e5ab0, 4;
    %store/vec4 v0x7fffd91e64c0_0, 0, 8;
    %pushi/vec4 40, 0, 64;
    %ix/vec4 4;
    %delayx 4;
    %load/vec4 v0x7fffd91e64c0_0;
    %ix/load 4, 96, 0;
    %flag_set/imm 4, 0;
    %store/vec4 v0x7fffd91e5d40_0, 4, 8;
    %load/vec4 v0x7fffd917d0b0_0;
    %concati/vec4 13, 0, 4;
    %ix/vec4 4;
    %load/vec4a v0x7fffd91e5ab0, 4;
    %store/vec4 v0x7fffd91e65a0_0, 0, 8;
    %pushi/vec4 40, 0, 64;
    %ix/vec4 4;
    %delayx 4;
    %load/vec4 v0x7fffd91e65a0_0;
    %ix/load 4, 104, 0;
    %flag_set/imm 4, 0;
    %store/vec4 v0x7fffd91e5d40_0, 4, 8;
    %load/vec4 v0x7fffd917d0b0_0;
    %concati/vec4 14, 0, 4;
    %ix/vec4 4;
    %load/vec4a v0x7fffd91e5ab0, 4;
    %store/vec4 v0x7fffd91e6680_0, 0, 8;
    %pushi/vec4 40, 0, 64;
    %ix/vec4 4;
    %delayx 4;
    %load/vec4 v0x7fffd91e6680_0;
    %ix/load 4, 112, 0;
    %flag_set/imm 4, 0;
    %store/vec4 v0x7fffd91e5d40_0, 4, 8;
    %load/vec4 v0x7fffd917d0b0_0;
    %concati/vec4 15, 0, 4;
    %ix/vec4 4;
    %load/vec4a v0x7fffd91e5ab0, 4;
    %store/vec4 v0x7fffd91e6760_0, 0, 8;
    %pushi/vec4 40, 0, 64;
    %ix/vec4 4;
    %delayx 4;
    %load/vec4 v0x7fffd91e6760_0;
    %ix/load 4, 120, 0;
    %flag_set/imm 4, 0;
    %store/vec4 v0x7fffd91e5d40_0, 4, 8;
    %pushi/vec4 0, 0, 1;
    %store/vec4 v0x7fffd91e5950_0, 0, 1;
    %pushi/vec4 0, 0, 1;
    %store/vec4 v0x7fffd91e5c80_0, 0, 1;
T_1.0 ;
    %load/vec4 v0x7fffd91e5fa0_0;
    %flag_set/vec4 8;
    %jmp/0xz  T_1.2, 8;
    %load/vec4 v0x7fffd91e6060_0;
    %parti/s 8, 0, 2;
    %store/vec4 v0x7fffd91e6840_0, 0, 8;
    %pushi/vec4 40, 0, 64;
    %ix/vec4 4;
    %delayx 4;
    %load/vec4 v0x7fffd91e6840_0;
    %load/vec4 v0x7fffd917d0b0_0;
    %concati/vec4 0, 0, 4;
    %ix/vec4 4;
    %store/vec4a v0x7fffd91e5ab0, 4, 0;
    %load/vec4 v0x7fffd91e6060_0;
    %parti/s 8, 8, 5;
    %store/vec4 v0x7fffd91e6920_0, 0, 8;
    %pushi/vec4 40, 0, 64;
    %ix/vec4 4;
    %delayx 4;
    %load/vec4 v0x7fffd91e6920_0;
    %load/vec4 v0x7fffd917d0b0_0;
    %concati/vec4 1, 0, 4;
    %ix/vec4 4;
    %store/vec4a v0x7fffd91e5ab0, 4, 0;
    %load/vec4 v0x7fffd91e6060_0;
    %parti/s 8, 16, 6;
    %store/vec4 v0x7fffd91e6ae0_0, 0, 8;
    %pushi/vec4 40, 0, 64;
    %ix/vec4 4;
    %delayx 4;
    %load/vec4 v0x7fffd91e6ae0_0;
    %load/vec4 v0x7fffd917d0b0_0;
    %concati/vec4 2, 0, 4;
    %ix/vec4 4;
    %store/vec4a v0x7fffd91e5ab0, 4, 0;
    %load/vec4 v0x7fffd91e6060_0;
    %parti/s 8, 24, 6;
    %store/vec4 v0x7fffd91e6bc0_0, 0, 8;
    %pushi/vec4 40, 0, 64;
    %ix/vec4 4;
    %delayx 4;
    %load/vec4 v0x7fffd91e6bc0_0;
    %load/vec4 v0x7fffd917d0b0_0;
    %concati/vec4 3, 0, 4;
    %ix/vec4 4;
    %store/vec4a v0x7fffd91e5ab0, 4, 0;
    %load/vec4 v0x7fffd91e6060_0;
    %parti/s 8, 32, 7;
    %store/vec4 v0x7fffd91e6ca0_0, 0, 8;
    %pushi/vec4 40, 0, 64;
    %ix/vec4 4;
    %delayx 4;
    %load/vec4 v0x7fffd91e6ca0_0;
    %load/vec4 v0x7fffd917d0b0_0;
    %concati/vec4 4, 0, 4;
    %ix/vec4 4;
    %store/vec4a v0x7fffd91e5ab0, 4, 0;
    %load/vec4 v0x7fffd91e6060_0;
    %parti/s 8, 40, 7;
    %store/vec4 v0x7fffd91e6d80_0, 0, 8;
    %pushi/vec4 40, 0, 64;
    %ix/vec4 4;
    %delayx 4;
    %load/vec4 v0x7fffd91e6d80_0;
    %load/vec4 v0x7fffd917d0b0_0;
    %concati/vec4 5, 0, 4;
    %ix/vec4 4;
    %store/vec4a v0x7fffd91e5ab0, 4, 0;
    %load/vec4 v0x7fffd91e6060_0;
    %parti/s 8, 48, 7;
    %store/vec4 v0x7fffd91e6e60_0, 0, 8;
    %pushi/vec4 40, 0, 64;
    %ix/vec4 4;
    %delayx 4;
    %load/vec4 v0x7fffd91e6e60_0;
    %load/vec4 v0x7fffd917d0b0_0;
    %concati/vec4 6, 0, 4;
    %ix/vec4 4;
    %store/vec4a v0x7fffd91e5ab0, 4, 0;
    %load/vec4 v0x7fffd91e6060_0;
    %parti/s 8, 56, 7;
    %store/vec4 v0x7fffd91e6f40_0, 0, 8;
    %pushi/vec4 40, 0, 64;
    %ix/vec4 4;
    %delayx 4;
    %load/vec4 v0x7fffd91e6f40_0;
    %load/vec4 v0x7fffd917d0b0_0;
    %concati/vec4 7, 0, 4;
    %ix/vec4 4;
    %store/vec4a v0x7fffd91e5ab0, 4, 0;
    %load/vec4 v0x7fffd91e6060_0;
    %parti/s 8, 64, 8;
    %store/vec4 v0x7fffd91e7020_0, 0, 8;
    %pushi/vec4 40, 0, 64;
    %ix/vec4 4;
    %delayx 4;
    %load/vec4 v0x7fffd91e7020_0;
    %load/vec4 v0x7fffd917d0b0_0;
    %concati/vec4 8, 0, 4;
    %ix/vec4 4;
    %store/vec4a v0x7fffd91e5ab0, 4, 0;
    %load/vec4 v0x7fffd91e6060_0;
    %parti/s 8, 72, 8;
    %store/vec4 v0x7fffd91e7100_0, 0, 8;
    %pushi/vec4 40, 0, 64;
    %ix/vec4 4;
    %delayx 4;
    %load/vec4 v0x7fffd91e7100_0;
    %load/vec4 v0x7fffd917d0b0_0;
    %concati/vec4 9, 0, 4;
    %ix/vec4 4;
    %store/vec4a v0x7fffd91e5ab0, 4, 0;
    %load/vec4 v0x7fffd91e6060_0;
    %parti/s 8, 80, 8;
    %store/vec4 v0x7fffd91e71e0_0, 0, 8;
    %pushi/vec4 40, 0, 64;
    %ix/vec4 4;
    %delayx 4;
    %load/vec4 v0x7fffd91e71e0_0;
    %load/vec4 v0x7fffd917d0b0_0;
    %concati/vec4 10, 0, 4;
    %ix/vec4 4;
    %store/vec4a v0x7fffd91e5ab0, 4, 0;
    %load/vec4 v0x7fffd91e6060_0;
    %parti/s 8, 88, 8;
    %store/vec4 v0x7fffd91e72c0_0, 0, 8;
    %pushi/vec4 40, 0, 64;
    %ix/vec4 4;
    %delayx 4;
    %load/vec4 v0x7fffd91e72c0_0;
    %load/vec4 v0x7fffd917d0b0_0;
    %concati/vec4 11, 0, 4;
    %ix/vec4 4;
    %store/vec4a v0x7fffd91e5ab0, 4, 0;
    %load/vec4 v0x7fffd91e6060_0;
    %parti/s 8, 96, 8;
    %store/vec4 v0x7fffd91e7690_0, 0, 8;
    %pushi/vec4 40, 0, 64;
    %ix/vec4 4;
    %delayx 4;
    %load/vec4 v0x7fffd91e7690_0;
    %load/vec4 v0x7fffd917d0b0_0;
    %concati/vec4 12, 0, 4;
    %ix/vec4 4;
    %store/vec4a v0x7fffd91e5ab0, 4, 0;
    %load/vec4 v0x7fffd91e6060_0;
    %parti/s 8, 104, 8;
    %store/vec4 v0x7fffd91e7770_0, 0, 8;
    %pushi/vec4 40, 0, 64;
    %ix/vec4 4;
    %delayx 4;
    %load/vec4 v0x7fffd91e7770_0;
    %load/vec4 v0x7fffd917d0b0_0;
    %concati/vec4 13, 0, 4;
    %ix/vec4 4;
    %store/vec4a v0x7fffd91e5ab0, 4, 0;
    %load/vec4 v0x7fffd91e6060_0;
    %parti/s 8, 112, 8;
    %store/vec4 v0x7fffd91e7850_0, 0, 8;
    %pushi/vec4 40, 0, 64;
    %ix/vec4 4;
    %delayx 4;
    %load/vec4 v0x7fffd91e7850_0;
    %load/vec4 v0x7fffd917d0b0_0;
    %concati/vec4 14, 0, 4;
    %ix/vec4 4;
    %store/vec4a v0x7fffd91e5ab0, 4, 0;
    %load/vec4 v0x7fffd91e6060_0;
    %parti/s 8, 120, 8;
    %store/vec4 v0x7fffd91e7930_0, 0, 8;
    %pushi/vec4 40, 0, 64;
    %ix/vec4 4;
    %delayx 4;
    %load/vec4 v0x7fffd91e7930_0;
    %load/vec4 v0x7fffd917d0b0_0;
    %concati/vec4 15, 0, 4;
    %ix/vec4 4;
    %store/vec4a v0x7fffd91e5ab0, 4, 0;
    %pushi/vec4 0, 0, 1;
    %store/vec4 v0x7fffd91e5950_0, 0, 1;
    %pushi/vec4 0, 0, 1;
    %store/vec4 v0x7fffd91e5fa0_0, 0, 1;
T_1.2 ;
    %jmp T_1;
    .thread T_1;
    .scope S_0x7fffd917cdf0;
T_2 ;
    %wait E_0x7fffd91b6430;
    %load/vec4 v0x7fffd91e5e20_0;
    %flag_set/vec4 8;
    %jmp/0xz  T_2.0, 8;
    %pushi/vec4 0, 0, 32;
    %store/vec4 v0x7fffd91e7f50_0, 0, 32;
T_2.2 ;
    %load/vec4 v0x7fffd91e7f50_0;
    %cmpi/s 524288, 0, 32;
    %jmp/0xz T_2.3, 5;
    %pushi/vec4 0, 0, 8;
    %ix/getv/s 4, v0x7fffd91e7f50_0;
    %store/vec4a v0x7fffd91e5ab0, 4, 0;
    %load/vec4 v0x7fffd91e7f50_0;
    %addi 1, 0, 32;
    %store/vec4 v0x7fffd91e7f50_0, 0, 32;
    %jmp T_2.2;
T_2.3 ;
    %pushi/vec4 0, 0, 1;
    %store/vec4 v0x7fffd91e5950_0, 0, 1;
    %pushi/vec4 0, 0, 1;
    %store/vec4 v0x7fffd91e5c80_0, 0, 1;
    %pushi/vec4 0, 0, 1;
    %store/vec4 v0x7fffd91e5fa0_0, 0, 1;
T_2.0 ;
    %jmp T_2;
    .thread T_2;
# The file index is used to find the file name in the following table.
:file_names 3;
    "N/A";
    "<interactive>";
    "data_memory.v";
