#! /usr/bin/vvp
:ivl_version "11.0 (stable)";
:ivl_delay_selection "TYPICAL";
:vpi_time_precision + 0;
:vpi_module "/usr/lib/x86_64-linux-gnu/ivl/system.vpi";
:vpi_module "/usr/lib/x86_64-linux-gnu/ivl/vhdl_sys.vpi";
:vpi_module "/usr/lib/x86_64-linux-gnu/ivl/vhdl_textio.vpi";
:vpi_module "/usr/lib/x86_64-linux-gnu/ivl/v2005_math.vpi";
:vpi_module "/usr/lib/x86_64-linux-gnu/ivl/va_math.vpi";
S_0x7fffe63ce0f0 .scope module, "immediate_generate_tb" "immediate_generate_tb" 2 17;
 .timescale 0 0;
v0x7fffe63ff370_0 .var "IMM_SEL", 2 0;
v0x7fffe63ff430_0 .var "IN", 24 0;
v0x7fffe63ff500_0 .net "OUT", 31 0, v0x7fffe63fda70_0;  1 drivers
S_0x7fffe63ce280 .scope module, "immediate_generate_1" "immediate_generate" 2 24, 3 16 0, S_0x7fffe63ce0f0;
 .timescale 0 0;
    .port_info 0 /INPUT 3 "IMM_SEL";
    .port_info 1 /INPUT 25 "IN";
    .port_info 2 /OUTPUT 32 "OUT";
v0x7fffe63bd670_0 .net "B_OUT", 31 0, L_0x7fffe6410130;  1 drivers
v0x7fffe63bd710_0 .net "IMM_SEL", 2 0, v0x7fffe63ff370_0;  1 drivers
v0x7fffe63fd5e0_0 .net "IN", 24 0, v0x7fffe63ff430_0;  1 drivers
v0x7fffe63fd6a0_0 .net "I_SHIFT_OUT", 31 0, L_0x7fffe6411c80;  1 drivers
v0x7fffe63fd780_0 .net "I_SIGN_OUT", 31 0, L_0x7fffe6410930;  1 drivers
v0x7fffe63fd8b0_0 .net "I_UNSIGN_OUT", 31 0, L_0x7fffe6410f90;  1 drivers
v0x7fffe63fd990_0 .net "J_OUT", 31 0, L_0x7fffe640fac0;  1 drivers
v0x7fffe63fda70_0 .var "OUT", 31 0;
v0x7fffe63fdb50_0 .net "S_OUT", 31 0, L_0x7fffe6411290;  1 drivers
v0x7fffe63fdc30_0 .net "U_OUT", 31 0, L_0x7fffe640f640;  1 drivers
L_0x7fcc2d9e0060 .functor BUFT 1, C4<00>, C4<0>, C4<0>, C4<0>;
v0x7fffe63fdd10_0 .net/2u *"_ivl_11", 1 0, L_0x7fcc2d9e0060;  1 drivers
v0x7fffe63fddf0_0 .net *"_ivl_16", 9 0, L_0x7fffe640f850;  1 drivers
L_0x7fcc2d9e0018 .functor BUFT 1, C4<000000000000>, C4<0>, C4<0>, C4<0>;
v0x7fffe63fded0_0 .net/2u *"_ivl_2", 11 0, L_0x7fcc2d9e0018;  1 drivers
v0x7fffe63fdfb0_0 .net *"_ivl_20", 0 0, L_0x7fffe640f8f0;  1 drivers
v0x7fffe63fe090_0 .net *"_ivl_24", 7 0, L_0x7fffe640f9f0;  1 drivers
v0x7fffe63fe170_0 .net *"_ivl_29", 0 0, L_0x7fffe640fcc0;  1 drivers
v0x7fffe63fe250_0 .net *"_ivl_30", 10 0, L_0x7fffe640fd60;  1 drivers
L_0x7fcc2d9e00a8 .functor BUFT 1, C4<00>, C4<0>, C4<0>, C4<0>;
v0x7fffe63fe330_0 .net/2u *"_ivl_34", 1 0, L_0x7fcc2d9e00a8;  1 drivers
v0x7fffe63fe410_0 .net *"_ivl_39", 3 0, L_0x7fffe640fef0;  1 drivers
v0x7fffe63fe4f0_0 .net *"_ivl_43", 5 0, L_0x7fffe640ff90;  1 drivers
v0x7fffe63fe5d0_0 .net *"_ivl_47", 0 0, L_0x7fffe6410090;  1 drivers
v0x7fffe63fe6b0_0 .net *"_ivl_52", 0 0, L_0x7fffe6410310;  1 drivers
v0x7fffe63fe790_0 .net *"_ivl_53", 18 0, L_0x7fffe64103b0;  1 drivers
v0x7fffe63fe870_0 .net *"_ivl_58", 11 0, L_0x7fffe6410890;  1 drivers
v0x7fffe63fe950_0 .net *"_ivl_63", 0 0, L_0x7fffe6410a60;  1 drivers
v0x7fffe63fea30_0 .net *"_ivl_64", 19 0, L_0x7fffe6410b00;  1 drivers
v0x7fffe63feb10_0 .net *"_ivl_69", 11 0, L_0x7fffe6410ef0;  1 drivers
L_0x7fcc2d9e00f0 .functor BUFT 1, C4<00000000000000000000>, C4<0>, C4<0>, C4<0>;
v0x7fffe63febf0_0 .net/2u *"_ivl_73", 19 0, L_0x7fcc2d9e00f0;  1 drivers
v0x7fffe63fecd0_0 .net *"_ivl_78", 4 0, L_0x7fffe6410e50;  1 drivers
v0x7fffe63fedb0_0 .net *"_ivl_8", 19 0, L_0x7fffe640f710;  1 drivers
v0x7fffe63fee90_0 .net *"_ivl_82", 6 0, L_0x7fffe6411130;  1 drivers
v0x7fffe63fef70_0 .net *"_ivl_87", 0 0, L_0x7fffe6411430;  1 drivers
v0x7fffe63ff050_0 .net *"_ivl_88", 19 0, L_0x7fffe64117b0;  1 drivers
v0x7fffe63ff130_0 .net *"_ivl_93", 4 0, L_0x7fffe6411b00;  1 drivers
L_0x7fcc2d9e0138 .functor BUFT 1, C4<000000000000000000000000000>, C4<0>, C4<0>, C4<0>;
v0x7fffe63ff210_0 .net/2u *"_ivl_97", 26 0, L_0x7fcc2d9e0138;  1 drivers
E_0x7fffe63c61b0/0 .event edge, v0x7fffe63bd710_0, v0x7fffe63fdc30_0, v0x7fffe63fd990_0, v0x7fffe63fdb50_0;
E_0x7fffe63c61b0/1 .event edge, v0x7fffe63bd670_0, v0x7fffe63fd780_0, v0x7fffe63fd6a0_0, v0x7fffe63fd8b0_0;
E_0x7fffe63c61b0 .event/or E_0x7fffe63c61b0/0, E_0x7fffe63c61b0/1;
L_0x7fffe640f640 .concat8 [ 12 20 0 0], L_0x7fcc2d9e0018, L_0x7fffe640f710;
L_0x7fffe640f710 .part v0x7fffe63ff430_0, 5, 20;
L_0x7fffe640f850 .part v0x7fffe63ff430_0, 14, 10;
L_0x7fffe640f8f0 .part v0x7fffe63ff430_0, 13, 1;
L_0x7fffe640f9f0 .part v0x7fffe63ff430_0, 5, 8;
LS_0x7fffe640fac0_0_0 .concat8 [ 2 10 1 8], L_0x7fcc2d9e0060, L_0x7fffe640f850, L_0x7fffe640f8f0, L_0x7fffe640f9f0;
LS_0x7fffe640fac0_0_4 .concat8 [ 11 0 0 0], L_0x7fffe640fd60;
L_0x7fffe640fac0 .concat8 [ 21 11 0 0], LS_0x7fffe640fac0_0_0, LS_0x7fffe640fac0_0_4;
L_0x7fffe640fcc0 .part v0x7fffe63ff430_0, 24, 1;
LS_0x7fffe640fd60_0_0 .concat [ 1 1 1 1], L_0x7fffe640fcc0, L_0x7fffe640fcc0, L_0x7fffe640fcc0, L_0x7fffe640fcc0;
LS_0x7fffe640fd60_0_4 .concat [ 1 1 1 1], L_0x7fffe640fcc0, L_0x7fffe640fcc0, L_0x7fffe640fcc0, L_0x7fffe640fcc0;
LS_0x7fffe640fd60_0_8 .concat [ 1 1 1 0], L_0x7fffe640fcc0, L_0x7fffe640fcc0, L_0x7fffe640fcc0;
L_0x7fffe640fd60 .concat [ 4 4 3 0], LS_0x7fffe640fd60_0_0, LS_0x7fffe640fd60_0_4, LS_0x7fffe640fd60_0_8;
L_0x7fffe640fef0 .part v0x7fffe63ff430_0, 1, 4;
L_0x7fffe640ff90 .part v0x7fffe63ff430_0, 18, 6;
L_0x7fffe6410090 .part v0x7fffe63ff430_0, 0, 1;
LS_0x7fffe6410130_0_0 .concat8 [ 2 4 6 1], L_0x7fcc2d9e00a8, L_0x7fffe640fef0, L_0x7fffe640ff90, L_0x7fffe6410090;
LS_0x7fffe6410130_0_4 .concat8 [ 19 0 0 0], L_0x7fffe64103b0;
L_0x7fffe6410130 .concat8 [ 13 19 0 0], LS_0x7fffe6410130_0_0, LS_0x7fffe6410130_0_4;
L_0x7fffe6410310 .part v0x7fffe63ff430_0, 24, 1;
LS_0x7fffe64103b0_0_0 .concat [ 1 1 1 1], L_0x7fffe6410310, L_0x7fffe6410310, L_0x7fffe6410310, L_0x7fffe6410310;
LS_0x7fffe64103b0_0_4 .concat [ 1 1 1 1], L_0x7fffe6410310, L_0x7fffe6410310, L_0x7fffe6410310, L_0x7fffe6410310;
LS_0x7fffe64103b0_0_8 .concat [ 1 1 1 1], L_0x7fffe6410310, L_0x7fffe6410310, L_0x7fffe6410310, L_0x7fffe6410310;
LS_0x7fffe64103b0_0_12 .concat [ 1 1 1 1], L_0x7fffe6410310, L_0x7fffe6410310, L_0x7fffe6410310, L_0x7fffe6410310;
LS_0x7fffe64103b0_0_16 .concat [ 1 1 1 0], L_0x7fffe6410310, L_0x7fffe6410310, L_0x7fffe6410310;
LS_0x7fffe64103b0_1_0 .concat [ 4 4 4 4], LS_0x7fffe64103b0_0_0, LS_0x7fffe64103b0_0_4, LS_0x7fffe64103b0_0_8, LS_0x7fffe64103b0_0_12;
LS_0x7fffe64103b0_1_4 .concat [ 3 0 0 0], LS_0x7fffe64103b0_0_16;
L_0x7fffe64103b0 .concat [ 16 3 0 0], LS_0x7fffe64103b0_1_0, LS_0x7fffe64103b0_1_4;
L_0x7fffe6410890 .part v0x7fffe63ff430_0, 13, 12;
L_0x7fffe6410930 .concat8 [ 12 20 0 0], L_0x7fffe6410890, L_0x7fffe6410b00;
L_0x7fffe6410a60 .part v0x7fffe63ff430_0, 24, 1;
LS_0x7fffe6410b00_0_0 .concat [ 1 1 1 1], L_0x7fffe6410a60, L_0x7fffe6410a60, L_0x7fffe6410a60, L_0x7fffe6410a60;
LS_0x7fffe6410b00_0_4 .concat [ 1 1 1 1], L_0x7fffe6410a60, L_0x7fffe6410a60, L_0x7fffe6410a60, L_0x7fffe6410a60;
LS_0x7fffe6410b00_0_8 .concat [ 1 1 1 1], L_0x7fffe6410a60, L_0x7fffe6410a60, L_0x7fffe6410a60, L_0x7fffe6410a60;
LS_0x7fffe6410b00_0_12 .concat [ 1 1 1 1], L_0x7fffe6410a60, L_0x7fffe6410a60, L_0x7fffe6410a60, L_0x7fffe6410a60;
LS_0x7fffe6410b00_0_16 .concat [ 1 1 1 1], L_0x7fffe6410a60, L_0x7fffe6410a60, L_0x7fffe6410a60, L_0x7fffe6410a60;
LS_0x7fffe6410b00_1_0 .concat [ 4 4 4 4], LS_0x7fffe6410b00_0_0, LS_0x7fffe6410b00_0_4, LS_0x7fffe6410b00_0_8, LS_0x7fffe6410b00_0_12;
LS_0x7fffe6410b00_1_4 .concat [ 4 0 0 0], LS_0x7fffe6410b00_0_16;
L_0x7fffe6410b00 .concat [ 16 4 0 0], LS_0x7fffe6410b00_1_0, LS_0x7fffe6410b00_1_4;
L_0x7fffe6410ef0 .part v0x7fffe63ff430_0, 13, 12;
L_0x7fffe6410f90 .concat8 [ 12 20 0 0], L_0x7fffe6410ef0, L_0x7fcc2d9e00f0;
L_0x7fffe6410e50 .part v0x7fffe63ff430_0, 0, 5;
L_0x7fffe6411130 .part v0x7fffe63ff430_0, 18, 7;
L_0x7fffe6411290 .concat8 [ 5 7 20 0], L_0x7fffe6410e50, L_0x7fffe6411130, L_0x7fffe64117b0;
L_0x7fffe6411430 .part v0x7fffe63ff430_0, 24, 1;
LS_0x7fffe64117b0_0_0 .concat [ 1 1 1 1], L_0x7fffe6411430, L_0x7fffe6411430, L_0x7fffe6411430, L_0x7fffe6411430;
LS_0x7fffe64117b0_0_4 .concat [ 1 1 1 1], L_0x7fffe6411430, L_0x7fffe6411430, L_0x7fffe6411430, L_0x7fffe6411430;
LS_0x7fffe64117b0_0_8 .concat [ 1 1 1 1], L_0x7fffe6411430, L_0x7fffe6411430, L_0x7fffe6411430, L_0x7fffe6411430;
LS_0x7fffe64117b0_0_12 .concat [ 1 1 1 1], L_0x7fffe6411430, L_0x7fffe6411430, L_0x7fffe6411430, L_0x7fffe6411430;
LS_0x7fffe64117b0_0_16 .concat [ 1 1 1 1], L_0x7fffe6411430, L_0x7fffe6411430, L_0x7fffe6411430, L_0x7fffe6411430;
LS_0x7fffe64117b0_1_0 .concat [ 4 4 4 4], LS_0x7fffe64117b0_0_0, LS_0x7fffe64117b0_0_4, LS_0x7fffe64117b0_0_8, LS_0x7fffe64117b0_0_12;
LS_0x7fffe64117b0_1_4 .concat [ 4 0 0 0], LS_0x7fffe64117b0_0_16;
L_0x7fffe64117b0 .concat [ 16 4 0 0], LS_0x7fffe64117b0_1_0, LS_0x7fffe64117b0_1_4;
L_0x7fffe6411b00 .part v0x7fffe63ff430_0, 13, 5;
L_0x7fffe6411c80 .concat8 [ 5 27 0 0], L_0x7fffe6411b00, L_0x7fcc2d9e0138;
    .scope S_0x7fffe63ce280;
T_0 ;
    %wait E_0x7fffe63c61b0;
    %load/vec4 v0x7fffe63bd710_0;
    %dup/vec4;
    %pushi/vec4 0, 0, 3;
    %cmp/u;
    %jmp/1 T_0.0, 6;
    %dup/vec4;
    %pushi/vec4 1, 0, 3;
    %cmp/u;
    %jmp/1 T_0.1, 6;
    %dup/vec4;
    %pushi/vec4 2, 0, 3;
    %cmp/u;
    %jmp/1 T_0.2, 6;
    %dup/vec4;
    %pushi/vec4 3, 0, 3;
    %cmp/u;
    %jmp/1 T_0.3, 6;
    %dup/vec4;
    %pushi/vec4 4, 0, 3;
    %cmp/u;
    %jmp/1 T_0.4, 6;
    %dup/vec4;
    %pushi/vec4 5, 0, 3;
    %cmp/u;
    %jmp/1 T_0.5, 6;
    %dup/vec4;
    %pushi/vec4 7, 0, 3;
    %cmp/u;
    %jmp/1 T_0.6, 6;
    %pushi/vec4 0, 0, 32;
    %store/vec4 v0x7fffe63fda70_0, 0, 32;
    %jmp T_0.8;
T_0.0 ;
    %load/vec4 v0x7fffe63fdc30_0;
    %store/vec4 v0x7fffe63fda70_0, 0, 32;
    %jmp T_0.8;
T_0.1 ;
    %load/vec4 v0x7fffe63fd990_0;
    %store/vec4 v0x7fffe63fda70_0, 0, 32;
    %jmp T_0.8;
T_0.2 ;
    %load/vec4 v0x7fffe63fdb50_0;
    %store/vec4 v0x7fffe63fda70_0, 0, 32;
    %jmp T_0.8;
T_0.3 ;
    %load/vec4 v0x7fffe63bd670_0;
    %store/vec4 v0x7fffe63fda70_0, 0, 32;
    %jmp T_0.8;
T_0.4 ;
    %load/vec4 v0x7fffe63fd780_0;
    %store/vec4 v0x7fffe63fda70_0, 0, 32;
    %jmp T_0.8;
T_0.5 ;
    %load/vec4 v0x7fffe63fd6a0_0;
    %store/vec4 v0x7fffe63fda70_0, 0, 32;
    %jmp T_0.8;
T_0.6 ;
    %load/vec4 v0x7fffe63fd8b0_0;
    %store/vec4 v0x7fffe63fda70_0, 0, 32;
    %jmp T_0.8;
T_0.8 ;
    %pop/vec4 1;
    %jmp T_0;
    .thread T_0, $push;
    .scope S_0x7fffe63ce0f0;
T_1 ;
    %vpi_call 2 28 "$dumpfile", "immediate_generate_wavedata.vcd" {0 0 0};
    %vpi_call 2 29 "$dumpvars", 32'sb00000000000000000000000000000000, S_0x7fffe63ce0f0 {0 0 0};
    %vpi_call 2 31 "$display", "============================================================================" {0 0 0};
    %vpi_call 2 32 "$display", "                      IMMEDIATE GENERATION  UNIT TESTING" {0 0 0};
    %vpi_call 2 33 "$display", "=============================================================================" {0 0 0};
    %delay 10, 0;
    %pushi/vec4 23097620, 0, 25;
    %store/vec4 v0x7fffe63ff430_0, 0, 25;
    %pushi/vec4 0, 0, 3;
    %store/vec4 v0x7fffe63ff370_0, 0, 3;
    %delay 1, 0;
    %load/vec4 v0x7fffe63ff500_0;
    %cmpi/ne 2956492800, 0, 32;
    %jmp/0xz  T_1.0, 6;
    %vpi_call 2 46 "$display", "Verification faild for %s [Original value - %b  Generated value %b] ( line %0d)", "U type", 32'b10110000001110001000000000000000, v0x7fffe63ff500_0, 32'sb00000000000000000000000000101100 {0 0 0};
    %vpi_call 2 47 "$finish" {0 0 0};
T_1.0 ;
    %vpi_call 2 49 "$display", "%s Passed!", "U type" {0 0 0};
    %delay 5, 0;
    %pushi/vec4 18590154, 0, 25;
    %store/vec4 v0x7fffe63ff430_0, 0, 25;
    %pushi/vec4 1, 0, 3;
    %store/vec4 v0x7fffe63ff370_0, 0, 3;
    %delay 1, 0;
    %load/vec4 v0x7fffe63ff500_0;
    %cmpi/ne 4293513656, 0, 32;
    %jmp/0xz  T_1.2, 6;
    %vpi_call 2 56 "$display", "Verification faild for %s [Original value - %b  Generated value %b] ( line %0d)", "J type", 32'b11111111111010011101000110111000, v0x7fffe63ff500_0, 32'sb00000000000000000000000000110110 {0 0 0};
    %vpi_call 2 57 "$finish" {0 0 0};
T_1.2 ;
    %vpi_call 2 59 "$display", "%s Passed!", "J type" {0 0 0};
    %delay 5, 0;
    %pushi/vec4 21574725, 0, 25;
    %store/vec4 v0x7fffe63ff430_0, 0, 25;
    %pushi/vec4 2, 0, 3;
    %store/vec4 v0x7fffe63ff370_0, 0, 3;
    %delay 1, 0;
    %load/vec4 v0x7fffe63ff500_0;
    %cmpi/ne 4294965829, 0, 32;
    %jmp/0xz  T_1.4, 6;
    %vpi_call 2 65 "$display", "Verification faild for %s [Original value - %b  Generated value %b] ( line %0d)", "S type", 32'b11111111111111111111101001000101, v0x7fffe63ff500_0, 32'sb00000000000000000000000000111111 {0 0 0};
    %vpi_call 2 66 "$finish" {0 0 0};
T_1.4 ;
    %vpi_call 2 68 "$display", "%s Passed!", "S type" {0 0 0};
    %delay 5, 0;
    %pushi/vec4 21198282, 0, 25;
    %store/vec4 v0x7fffe63ff430_0, 0, 25;
    %pushi/vec4 3, 0, 3;
    %store/vec4 v0x7fffe63ff370_0, 0, 3;
    %delay 1, 0;
    %load/vec4 v0x7fffe63ff500_0;
    %cmpi/ne 4294960148, 0, 32;
    %jmp/0xz  T_1.6, 6;
    %vpi_call 2 74 "$display", "Verification faild for %s [Original value - %b  Generated value %b] ( line %0d)", "B type", 32'b11111111111111111110010000010100, v0x7fffe63ff500_0, 32'sb00000000000000000000000001001000 {0 0 0};
    %vpi_call 2 75 "$finish" {0 0 0};
T_1.6 ;
    %vpi_call 2 77 "$display", "%s Passed!", "B type" {0 0 0};
    %delay 5, 0;
    %pushi/vec4 21574725, 0, 25;
    %store/vec4 v0x7fffe63ff430_0, 0, 25;
    %pushi/vec4 4, 0, 3;
    %store/vec4 v0x7fffe63ff370_0, 0, 3;
    %delay 1, 0;
    %load/vec4 v0x7fffe63ff500_0;
    %cmpi/ne 4294965833, 0, 32;
    %jmp/0xz  T_1.8, 6;
    %vpi_call 2 83 "$display", "Verification faild for %s [Original value - %b  Generated value %b] ( line %0d)", "I_SIGNED type", 32'b11111111111111111111101001001001, v0x7fffe63ff500_0, 32'sb00000000000000000000000001010001 {0 0 0};
    %vpi_call 2 84 "$finish" {0 0 0};
T_1.8 ;
    %vpi_call 2 86 "$display", "%s Passed!", "I_SIGNED type" {0 0 0};
    %delay 5, 0;
    %pushi/vec4 21574725, 0, 25;
    %store/vec4 v0x7fffe63ff430_0, 0, 25;
    %pushi/vec4 5, 0, 3;
    %store/vec4 v0x7fffe63ff370_0, 0, 3;
    %delay 1, 0;
    %load/vec4 v0x7fffe63ff500_0;
    %cmpi/ne 9, 0, 32;
    %jmp/0xz  T_1.10, 6;
    %vpi_call 2 93 "$display", "Verification faild for %s [Original value - %b  Generated value %b] ( line %0d)", "I_SHIFT", 32'b00000000000000000000000000001001, v0x7fffe63ff500_0, 32'sb00000000000000000000000001011011 {0 0 0};
    %vpi_call 2 94 "$finish" {0 0 0};
T_1.10 ;
    %vpi_call 2 96 "$display", "%s Passed!", "I_SHIFT" {0 0 0};
    %delay 5, 0;
    %pushi/vec4 21574725, 0, 25;
    %store/vec4 v0x7fffe63ff430_0, 0, 25;
    %pushi/vec4 7, 0, 3;
    %store/vec4 v0x7fffe63ff370_0, 0, 3;
    %delay 1, 0;
    %load/vec4 v0x7fffe63ff500_0;
    %cmpi/ne 2633, 0, 32;
    %jmp/0xz  T_1.12, 6;
    %vpi_call 2 102 "$display", "Verification faild for %s [Original value - %b  Generated value %b] ( line %0d)", "I_UNSIGNED", 32'b00000000000000000000101001001001, v0x7fffe63ff500_0, 32'sb00000000000000000000000001100100 {0 0 0};
    %vpi_call 2 103 "$finish" {0 0 0};
T_1.12 ;
    %vpi_call 2 105 "$display", "%s Passed!", "I_UNSIGNED" {0 0 0};
    %vpi_call 2 102 "$display", "=======================All Test cases Passed !!!=============================" {0 0 0};
    %vpi_call 2 104 "$finish" {0 0 0};
    %end;
    .thread T_1;
# The file index is used to find the file name in the following table.
:file_names 4;
    "N/A";
    "<interactive>";
    "immediate_generate_tb.v";
    "./immediate_generate.v";
