#! /usr/bin/vvp
:ivl_version "11.0 (stable)";
:ivl_delay_selection "TYPICAL";
:vpi_time_precision + 0;
:vpi_module "/usr/lib/x86_64-linux-gnu/ivl/system.vpi";
:vpi_module "/usr/lib/x86_64-linux-gnu/ivl/vhdl_sys.vpi";
:vpi_module "/usr/lib/x86_64-linux-gnu/ivl/vhdl_textio.vpi";
:vpi_module "/usr/lib/x86_64-linux-gnu/ivl/v2005_math.vpi";
:vpi_module "/usr/lib/x86_64-linux-gnu/ivl/va_math.vpi";
S_0x7fffe3da1d00 .scope module, "bj_detect_tb" "bj_detect_tb" 2 20;
 .timescale 0 0;
v0x7fffe3dc3240_0 .var "BRANCH_JUMP", 2 0;
v0x7fffe3dc3320_0 .var "DATA1", 31 0;
v0x7fffe3dc33c0_0 .var "DATA2", 31 0;
v0x7fffe3dc3460_0 .net "PC_SEL", 0 0, L_0x7fffe3d5fdc0;  1 drivers
S_0x7fffe3da1e90 .scope module, "bj_detect_module" "bj_detect" 2 28, 3 14 0, S_0x7fffe3da1d00;
 .timescale 0 0;
    .port_info 0 /INPUT 3 "BRANCH_JUMP";
    .port_info 1 /INPUT 32 "DATA1";
    .port_info 2 /INPUT 32 "DATA2";
    .port_info 3 /OUTPUT 1 "PC_SEL_OUT";
L_0x7fffe3d5fdc0/d .functor BUFZ 1, L_0x7fffe3dc58d0, C4<0>, C4<0>, C4<0>;
L_0x7fffe3d5fdc0 .delay 1 (2,2,2) L_0x7fffe3d5fdc0/d;
L_0x7fffe3d5fe30 .functor AND 1, L_0x7fffe3dc3d30, L_0x7fffe3dc3e20, L_0x7fffe3dc3f60, C4<1>;
L_0x7fffe3dc40a0 .functor AND 1, L_0x7fffe3dc42a0, L_0x7fffe3dc4340, L_0x7fffe3dc44a0, C4<1>;
L_0x7fffe3dc4590 .functor AND 1, L_0x7fffe3dc4630, L_0x7fffe3dc4840, v0x7fffe3dc2b00_0, C4<1>;
L_0x7fffe3dc4430 .functor AND 1, L_0x7fffe3dc4a90, L_0x7fffe3dc3900, v0x7fffe3dc2b00_0, C4<1>;
L_0x7fffe3dc4b80 .functor AND 1, L_0x7fffe3dc4cc0, L_0x7fffe3dc4e50, L_0x7fffe3dc4f40, C4<1>;
L_0x7fffe3dc50e0 .functor AND 1, L_0x7fffe3dc51b0, L_0x7fffe3dc5400, L_0x7fffe3dc56b0, L_0x7fffe3dc3900;
L_0x7fffe3dc58d0/0/0 .functor OR 1, L_0x7fffe3d5fe30, L_0x7fffe3dc40a0, L_0x7fffe3dc4590, L_0x7fffe3dc4430;
L_0x7fffe3dc58d0/0/4 .functor OR 1, L_0x7fffe3dc4b80, L_0x7fffe3dc50e0, C4<0>, C4<0>;
L_0x7fffe3dc58d0 .functor OR 1, L_0x7fffe3dc58d0/0/0, L_0x7fffe3dc58d0/0/4, C4<0>, C4<0>;
v0x7fffe3d5ffa0_0 .net "BRANCH_JUMP", 2 0, v0x7fffe3dc3240_0;  1 drivers
v0x7fffe3d60040_0 .net "DATA1", 31 0, v0x7fffe3dc3320_0;  1 drivers
v0x7fffe3dc12f0_0 .net "DATA2", 31 0, v0x7fffe3dc33c0_0;  1 drivers
v0x7fffe3dc13b0_0 .net "PC_SEL", 0 0, L_0x7fffe3dc58d0;  1 drivers
v0x7fffe3dc1470_0 .net "PC_SEL_OUT", 0 0, L_0x7fffe3d5fdc0;  alias, 1 drivers
v0x7fffe3dc1580_0 .net *"_ivl_17", 0 0, L_0x7fffe3dc3c20;  1 drivers
v0x7fffe3dc1660_0 .net *"_ivl_19", 0 0, L_0x7fffe3dc3d30;  1 drivers
v0x7fffe3dc1720_0 .net *"_ivl_2", 0 0, L_0x7fffe3dc35d0;  1 drivers
v0x7fffe3dc17e0_0 .net *"_ivl_21", 0 0, L_0x7fffe3dc3e20;  1 drivers
v0x7fffe3dc18c0_0 .net *"_ivl_23", 0 0, L_0x7fffe3dc3f60;  1 drivers
v0x7fffe3dc1980_0 .net *"_ivl_25", 0 0, L_0x7fffe3dc4110;  1 drivers
v0x7fffe3dc1a60_0 .net *"_ivl_27", 0 0, L_0x7fffe3dc42a0;  1 drivers
v0x7fffe3dc1b20_0 .net *"_ivl_29", 0 0, L_0x7fffe3dc4340;  1 drivers
v0x7fffe3dc1c00_0 .net *"_ivl_31", 0 0, L_0x7fffe3dc44a0;  1 drivers
v0x7fffe3dc1ce0_0 .net *"_ivl_33", 0 0, L_0x7fffe3dc4630;  1 drivers
v0x7fffe3dc1dc0_0 .net *"_ivl_35", 0 0, L_0x7fffe3dc47a0;  1 drivers
v0x7fffe3dc1ea0_0 .net *"_ivl_37", 0 0, L_0x7fffe3dc4840;  1 drivers
v0x7fffe3dc1f60_0 .net *"_ivl_39", 0 0, L_0x7fffe3dc4a90;  1 drivers
L_0x7fe696d80018 .functor BUFT 1, C4<01>, C4<0>, C4<0>, C4<0>;
v0x7fffe3dc2040_0 .net/2s *"_ivl_4", 1 0, L_0x7fe696d80018;  1 drivers
v0x7fffe3dc2120_0 .net *"_ivl_41", 0 0, L_0x7fffe3dc4cc0;  1 drivers
v0x7fffe3dc2200_0 .net *"_ivl_43", 0 0, L_0x7fffe3dc4e50;  1 drivers
v0x7fffe3dc22e0_0 .net *"_ivl_45", 0 0, L_0x7fffe3dc4f40;  1 drivers
v0x7fffe3dc23a0_0 .net *"_ivl_47", 0 0, L_0x7fffe3dc4db0;  1 drivers
v0x7fffe3dc2480_0 .net *"_ivl_49", 0 0, L_0x7fffe3dc51b0;  1 drivers
v0x7fffe3dc2540_0 .net *"_ivl_51", 0 0, L_0x7fffe3dc5360;  1 drivers
v0x7fffe3dc2620_0 .net *"_ivl_53", 0 0, L_0x7fffe3dc5400;  1 drivers
v0x7fffe3dc26e0_0 .net *"_ivl_55", 0 0, L_0x7fffe3dc5610;  1 drivers
v0x7fffe3dc27c0_0 .net *"_ivl_57", 0 0, L_0x7fffe3dc56b0;  1 drivers
L_0x7fe696d80060 .functor BUFT 1, C4<00>, C4<0>, C4<0>, C4<0>;
v0x7fffe3dc2880_0 .net/2s *"_ivl_6", 1 0, L_0x7fe696d80060;  1 drivers
v0x7fffe3dc2960_0 .net *"_ivl_8", 1 0, L_0x7fffe3dc3740;  1 drivers
v0x7fffe3dc2a40_0 .net "eq", 0 0, L_0x7fffe3dc3900;  1 drivers
v0x7fffe3dc2b00_0 .var "lt", 0 0;
v0x7fffe3dc2bc0_0 .net "out1", 0 0, L_0x7fffe3d5fe30;  1 drivers
v0x7fffe3dc2c80_0 .net "out2", 0 0, L_0x7fffe3dc40a0;  1 drivers
v0x7fffe3dc2d40_0 .net "out3", 0 0, L_0x7fffe3dc4590;  1 drivers
v0x7fffe3dc2e00_0 .net "out4", 0 0, L_0x7fffe3dc4430;  1 drivers
v0x7fffe3dc2ec0_0 .net "out5", 0 0, L_0x7fffe3dc4b80;  1 drivers
v0x7fffe3dc2f80_0 .net "out6", 0 0, L_0x7fffe3dc50e0;  1 drivers
v0x7fffe3dc3040_0 .net "sign_lt", 0 0, L_0x7fffe3dc3ac0;  1 drivers
v0x7fffe3dc3100_0 .net "unsign_lt", 0 0, L_0x7fffe3dc39f0;  1 drivers
E_0x7fffe3d6ad20 .event edge, v0x7fffe3d5ffa0_0, v0x7fffe3dc3100_0, v0x7fffe3dc3040_0;
L_0x7fffe3dc35d0 .cmp/eq 32, v0x7fffe3dc3320_0, v0x7fffe3dc33c0_0;
L_0x7fffe3dc3740 .functor MUXZ 2, L_0x7fe696d80060, L_0x7fe696d80018, L_0x7fffe3dc35d0, C4<>;
L_0x7fffe3dc3900 .part L_0x7fffe3dc3740, 0, 1;
L_0x7fffe3dc39f0 .cmp/gt 32, v0x7fffe3dc33c0_0, v0x7fffe3dc3320_0;
L_0x7fffe3dc3ac0 .cmp/gt.s 32, v0x7fffe3dc33c0_0, v0x7fffe3dc3320_0;
L_0x7fffe3dc3c20 .part v0x7fffe3dc3240_0, 2, 1;
L_0x7fffe3dc3d30 .reduce/nor L_0x7fffe3dc3c20;
L_0x7fffe3dc3e20 .part v0x7fffe3dc3240_0, 0, 1;
L_0x7fffe3dc3f60 .reduce/nor L_0x7fffe3dc3900;
L_0x7fffe3dc4110 .part v0x7fffe3dc3240_0, 2, 1;
L_0x7fffe3dc42a0 .reduce/nor L_0x7fffe3dc4110;
L_0x7fffe3dc4340 .part v0x7fffe3dc3240_0, 1, 1;
L_0x7fffe3dc44a0 .part v0x7fffe3dc3240_0, 0, 1;
L_0x7fffe3dc4630 .part v0x7fffe3dc3240_0, 2, 1;
L_0x7fffe3dc47a0 .part v0x7fffe3dc3240_0, 0, 1;
L_0x7fffe3dc4840 .reduce/nor L_0x7fffe3dc47a0;
L_0x7fffe3dc4a90 .part v0x7fffe3dc3240_0, 2, 1;
L_0x7fffe3dc4cc0 .part v0x7fffe3dc3240_0, 2, 1;
L_0x7fffe3dc4e50 .part v0x7fffe3dc3240_0, 0, 1;
L_0x7fffe3dc4f40 .reduce/nor v0x7fffe3dc2b00_0;
L_0x7fffe3dc4db0 .part v0x7fffe3dc3240_0, 2, 1;
L_0x7fffe3dc51b0 .reduce/nor L_0x7fffe3dc4db0;
L_0x7fffe3dc5360 .part v0x7fffe3dc3240_0, 1, 1;
L_0x7fffe3dc5400 .reduce/nor L_0x7fffe3dc5360;
L_0x7fffe3dc5610 .part v0x7fffe3dc3240_0, 0, 1;
L_0x7fffe3dc56b0 .reduce/nor L_0x7fffe3dc5610;
    .scope S_0x7fffe3da1e90;
T_0 ;
    %wait E_0x7fffe3d6ad20;
    %load/vec4 v0x7fffe3d5ffa0_0;
    %parti/s 2, 1, 2;
    %dup/vec4;
    %pushi/vec4 3, 0, 2;
    %cmp/u;
    %jmp/1 T_0.0, 6;
    %load/vec4 v0x7fffe3dc3040_0;
    %store/vec4 v0x7fffe3dc2b00_0, 0, 1;
    %jmp T_0.2;
T_0.0 ;
    %load/vec4 v0x7fffe3dc3100_0;
    %store/vec4 v0x7fffe3dc2b00_0, 0, 1;
    %jmp T_0.2;
T_0.2 ;
    %pop/vec4 1;
    %jmp T_0;
    .thread T_0, $push;
    .scope S_0x7fffe3da1d00;
T_1 ;
    %vpi_call 2 34 "$display", "============================================================================" {0 0 0};
    %vpi_call 2 35 "$display", "                   BRANCH DETECTION UNIT TESTING" {0 0 0};
    %vpi_call 2 36 "$display", "=============================================================================" {0 0 0};
    %pushi/vec4 0, 0, 3;
    %store/vec4 v0x7fffe3dc3240_0, 0, 3;
    %pushi/vec4 10, 0, 32;
    %store/vec4 v0x7fffe3dc3320_0, 0, 32;
    %pushi/vec4 10, 0, 32;
    %store/vec4 v0x7fffe3dc33c0_0, 0, 32;
    %delay 3, 0;
    %load/vec4 v0x7fffe3dc3460_0;
    %pad/u 32;
    %cmpi/ne 1, 0, 32;
    %jmp/0xz  T_1.0, 6;
    %vpi_call 2 53 "$display", "Verification faild for %s [Original value - %b  Generated value %b] ( line %0d)", "Test1-  BEQ (Branch taken)", 32'sb00000000000000000000000000000001, v0x7fffe3dc3460_0, 32'sb00000000000000000000000000110011 {0 0 0};
    %vpi_call 2 54 "$finish" {0 0 0};
T_1.0 ;
    %vpi_call 2 56 "$display", "%s Passed!", "Test1-  BEQ (Branch taken)" {0 0 0};
    %pushi/vec4 0, 0, 3;
    %store/vec4 v0x7fffe3dc3240_0, 0, 3;
    %pushi/vec4 15, 0, 32;
    %store/vec4 v0x7fffe3dc3320_0, 0, 32;
    %pushi/vec4 10, 0, 32;
    %store/vec4 v0x7fffe3dc33c0_0, 0, 32;
    %delay 3, 0;
    %load/vec4 v0x7fffe3dc3460_0;
    %pad/u 32;
    %cmpi/ne 0, 0, 32;
    %jmp/0xz  T_1.2, 6;
    %vpi_call 2 66 "$display", "Verification faild for %s [Original value - %b  Generated value %b] ( line %0d)", "Test2-  BEQ (Branch not taken)", 32'sb00000000000000000000000000000000, v0x7fffe3dc3460_0, 32'sb00000000000000000000000001000000 {0 0 0};
    %vpi_call 2 67 "$finish" {0 0 0};
T_1.2 ;
    %vpi_call 2 69 "$display", "%s Passed!", "Test2-  BEQ (Branch not taken)" {0 0 0};
    %pushi/vec4 1, 0, 3;
    %store/vec4 v0x7fffe3dc3240_0, 0, 3;
    %pushi/vec4 10, 0, 32;
    %store/vec4 v0x7fffe3dc3320_0, 0, 32;
    %pushi/vec4 11, 0, 32;
    %store/vec4 v0x7fffe3dc33c0_0, 0, 32;
    %delay 3, 0;
    %load/vec4 v0x7fffe3dc3460_0;
    %pad/u 32;
    %cmpi/ne 1, 0, 32;
    %jmp/0xz  T_1.4, 6;
    %vpi_call 2 81 "$display", "Verification faild for %s [Original value - %b  Generated value %b] ( line %0d)", "Test3-  BNE (Branch taken)", 32'sb00000000000000000000000000000001, v0x7fffe3dc3460_0, 32'sb00000000000000000000000001001111 {0 0 0};
    %vpi_call 2 82 "$finish" {0 0 0};
T_1.4 ;
    %vpi_call 2 84 "$display", "%s Passed!", "Test3-  BNE (Branch taken)" {0 0 0};
    %pushi/vec4 1, 0, 3;
    %store/vec4 v0x7fffe3dc3240_0, 0, 3;
    %pushi/vec4 10, 0, 32;
    %store/vec4 v0x7fffe3dc3320_0, 0, 32;
    %pushi/vec4 10, 0, 32;
    %store/vec4 v0x7fffe3dc33c0_0, 0, 32;
    %delay 3, 0;
    %load/vec4 v0x7fffe3dc3460_0;
    %pad/u 32;
    %cmpi/ne 0, 0, 32;
    %jmp/0xz  T_1.6, 6;
    %vpi_call 2 97 "$display", "Verification faild for %s [Original value - %b  Generated value %b] ( line %0d)", "Test4-  BNE (Branch not taken)", 32'sb00000000000000000000000000000000, v0x7fffe3dc3460_0, 32'sb00000000000000000000000001011111 {0 0 0};
    %vpi_call 2 98 "$finish" {0 0 0};
T_1.6 ;
    %vpi_call 2 100 "$display", "%s Passed!", "Test4-  BNE (Branch not taken)" {0 0 0};
    %pushi/vec4 2, 0, 3;
    %store/vec4 v0x7fffe3dc3240_0, 0, 3;
    %pushi/vec4 4294967295, 4294967295, 32;
    %store/vec4 v0x7fffe3dc3320_0, 0, 32;
    %pushi/vec4 4294967295, 4294967295, 32;
    %store/vec4 v0x7fffe3dc33c0_0, 0, 32;
    %delay 3, 0;
    %load/vec4 v0x7fffe3dc3460_0;
    %pad/u 32;
    %cmpi/ne 0, 0, 32;
    %jmp/0xz  T_1.8, 6;
    %vpi_call 2 109 "$display", "Verification faild for %s [Original value - %b  Generated value %b] ( line %0d)", "Test5-  NO branch/jump test", 32'sb00000000000000000000000000000000, v0x7fffe3dc3460_0, 32'sb00000000000000000000000001101011 {0 0 0};
    %vpi_call 2 110 "$finish" {0 0 0};
T_1.8 ;
    %vpi_call 2 112 "$display", "%s Passed!", "Test5-  NO branch/jump test" {0 0 0};
    %pushi/vec4 3, 0, 3;
    %store/vec4 v0x7fffe3dc3240_0, 0, 3;
    %pushi/vec4 4294967295, 4294967295, 32;
    %store/vec4 v0x7fffe3dc3320_0, 0, 32;
    %pushi/vec4 4294967295, 4294967295, 32;
    %store/vec4 v0x7fffe3dc33c0_0, 0, 32;
    %delay 3, 0;
    %load/vec4 v0x7fffe3dc3460_0;
    %pad/u 32;
    %cmpi/ne 1, 0, 32;
    %jmp/0xz  T_1.10, 6;
    %vpi_call 2 123 "$display", "Verification faild for %s [Original value - %b  Generated value %b] ( line %0d)", "Test6-  J Test", 32'sb00000000000000000000000000000001, v0x7fffe3dc3460_0, 32'sb00000000000000000000000001111001 {0 0 0};
    %vpi_call 2 124 "$finish" {0 0 0};
T_1.10 ;
    %vpi_call 2 126 "$display", "%s Passed!", "Test6-  J Test" {0 0 0};
    %pushi/vec4 4, 0, 3;
    %store/vec4 v0x7fffe3dc3240_0, 0, 3;
    %pushi/vec4 10, 0, 32;
    %store/vec4 v0x7fffe3dc3320_0, 0, 32;
    %pushi/vec4 15, 0, 32;
    %store/vec4 v0x7fffe3dc33c0_0, 0, 32;
    %delay 3, 0;
    %load/vec4 v0x7fffe3dc3460_0;
    %pad/u 32;
    %cmpi/ne 1, 0, 32;
    %jmp/0xz  T_1.12, 6;
    %vpi_call 2 137 "$display", "Verification faild for %s [Original value - %b  Generated value %b] ( line %0d)", "Test7-  BLT (Branch taken)", 32'sb00000000000000000000000000000001, v0x7fffe3dc3460_0, 32'sb00000000000000000000000010000111 {0 0 0};
    %vpi_call 2 138 "$finish" {0 0 0};
T_1.12 ;
    %vpi_call 2 140 "$display", "%s Passed!", "Test7-  BLT (Branch taken)" {0 0 0};
    %pushi/vec4 4, 0, 3;
    %store/vec4 v0x7fffe3dc3240_0, 0, 3;
    %pushi/vec4 15, 0, 32;
    %store/vec4 v0x7fffe3dc3320_0, 0, 32;
    %pushi/vec4 10, 0, 32;
    %store/vec4 v0x7fffe3dc33c0_0, 0, 32;
    %delay 3, 0;
    %load/vec4 v0x7fffe3dc3460_0;
    %pad/u 32;
    %cmpi/ne 0, 0, 32;
    %jmp/0xz  T_1.14, 6;
    %vpi_call 2 152 "$display", "Verification faild for %s [Original value - %b  Generated value %b] ( line %0d)", "Test8-  BLT (Branch not taken)", 32'sb00000000000000000000000000000000, v0x7fffe3dc3460_0, 32'sb00000000000000000000000010010110 {0 0 0};
    %vpi_call 2 153 "$finish" {0 0 0};
T_1.14 ;
    %vpi_call 2 155 "$display", "%s Passed!", "Test8-  BLT (Branch not taken)" {0 0 0};
    %pushi/vec4 4, 0, 3;
    %store/vec4 v0x7fffe3dc3240_0, 0, 3;
    %pushi/vec4 10, 0, 32;
    %store/vec4 v0x7fffe3dc3320_0, 0, 32;
    %pushi/vec4 10, 0, 32;
    %store/vec4 v0x7fffe3dc33c0_0, 0, 32;
    %delay 3, 0;
    %load/vec4 v0x7fffe3dc3460_0;
    %pad/u 32;
    %cmpi/ne 0, 0, 32;
    %jmp/0xz  T_1.16, 6;
    %vpi_call 2 167 "$display", "Verification faild for %s [Original value - %b  Generated value %b] ( line %0d)", "Test9-  BLT (Branch taken taken)", 32'sb00000000000000000000000000000000, v0x7fffe3dc3460_0, 32'sb00000000000000000000000010100101 {0 0 0};
    %vpi_call 2 168 "$finish" {0 0 0};
T_1.16 ;
    %vpi_call 2 170 "$display", "%s Passed!", "Test9-  BLT (Branch taken taken)" {0 0 0};
    %pushi/vec4 5, 0, 3;
    %store/vec4 v0x7fffe3dc3240_0, 0, 3;
    %pushi/vec4 15, 0, 32;
    %store/vec4 v0x7fffe3dc3320_0, 0, 32;
    %pushi/vec4 10, 0, 32;
    %store/vec4 v0x7fffe3dc33c0_0, 0, 32;
    %delay 3, 0;
    %load/vec4 v0x7fffe3dc3460_0;
    %pad/u 32;
    %cmpi/ne 1, 0, 32;
    %jmp/0xz  T_1.18, 6;
    %vpi_call 2 179 "$display", "Verification faild for %s [Original value - %b  Generated value %b] ( line %0d)", "Test10- BGE (Branch  taken)", 32'sb00000000000000000000000000000001, v0x7fffe3dc3460_0, 32'sb00000000000000000000000010110001 {0 0 0};
    %vpi_call 2 180 "$finish" {0 0 0};
T_1.18 ;
    %vpi_call 2 182 "$display", "%s Passed!", "Test10- BGE (Branch  taken)" {0 0 0};
    %pushi/vec4 5, 0, 3;
    %store/vec4 v0x7fffe3dc3240_0, 0, 3;
    %pushi/vec4 10, 0, 32;
    %store/vec4 v0x7fffe3dc3320_0, 0, 32;
    %pushi/vec4 10, 0, 32;
    %store/vec4 v0x7fffe3dc33c0_0, 0, 32;
    %delay 3, 0;
    %load/vec4 v0x7fffe3dc3460_0;
    %pad/u 32;
    %cmpi/ne 1, 0, 32;
    %jmp/0xz  T_1.20, 6;
    %vpi_call 2 195 "$display", "Verification faild for %s [Original value - %b  Generated value %b] ( line %0d)", "Test11- BGE (Branch  taken)", 32'sb00000000000000000000000000000001, v0x7fffe3dc3460_0, 32'sb00000000000000000000000011000001 {0 0 0};
    %vpi_call 2 196 "$finish" {0 0 0};
T_1.20 ;
    %vpi_call 2 198 "$display", "%s Passed!", "Test11- BGE (Branch  taken)" {0 0 0};
    %pushi/vec4 5, 0, 3;
    %store/vec4 v0x7fffe3dc3240_0, 0, 3;
    %pushi/vec4 10, 0, 32;
    %store/vec4 v0x7fffe3dc3320_0, 0, 32;
    %pushi/vec4 15, 0, 32;
    %store/vec4 v0x7fffe3dc33c0_0, 0, 32;
    %delay 3, 0;
    %load/vec4 v0x7fffe3dc3460_0;
    %pad/u 32;
    %cmpi/ne 0, 0, 32;
    %jmp/0xz  T_1.22, 6;
    %vpi_call 2 210 "$display", "Verification faild for %s [Original value - %b  Generated value %b] ( line %0d)", "Test12- BGE (Branch not taken)", 32'sb00000000000000000000000000000000, v0x7fffe3dc3460_0, 32'sb00000000000000000000000011010000 {0 0 0};
    %vpi_call 2 211 "$finish" {0 0 0};
T_1.22 ;
    %vpi_call 2 213 "$display", "%s Passed!", "Test12- BGE (Branch not taken)" {0 0 0};
    %pushi/vec4 6, 0, 3;
    %store/vec4 v0x7fffe3dc3240_0, 0, 3;
    %pushi/vec4 3, 0, 32;
    %store/vec4 v0x7fffe3dc3320_0, 0, 32;
    %pushi/vec4 32772, 0, 32;
    %store/vec4 v0x7fffe3dc33c0_0, 0, 32;
    %delay 3, 0;
    %load/vec4 v0x7fffe3dc3460_0;
    %pad/u 32;
    %cmpi/ne 1, 0, 32;
    %jmp/0xz  T_1.24, 6;
    %vpi_call 2 225 "$display", "Verification faild for %s [Original value - %b  Generated value %b] ( line %0d)", "Test13- BLTU (Branch  taken)", 32'sb00000000000000000000000000000001, v0x7fffe3dc3460_0, 32'sb00000000000000000000000011011111 {0 0 0};
    %vpi_call 2 226 "$finish" {0 0 0};
T_1.24 ;
    %vpi_call 2 228 "$display", "%s Passed!", "Test13- BLTU (Branch  taken)" {0 0 0};
    %pushi/vec4 6, 0, 3;
    %store/vec4 v0x7fffe3dc3240_0, 0, 3;
    %pushi/vec4 32772, 0, 32;
    %store/vec4 v0x7fffe3dc3320_0, 0, 32;
    %pushi/vec4 3, 0, 32;
    %store/vec4 v0x7fffe3dc33c0_0, 0, 32;
    %delay 3, 0;
    %load/vec4 v0x7fffe3dc3460_0;
    %pad/u 32;
    %cmpi/ne 0, 0, 32;
    %jmp/0xz  T_1.26, 6;
    %vpi_call 2 241 "$display", "Verification faild for %s [Original value - %b  Generated value %b] ( line %0d)", "Test14- BLTU (Branch not taken)", 32'sb00000000000000000000000000000000, v0x7fffe3dc3460_0, 32'sb00000000000000000000000011101111 {0 0 0};
    %vpi_call 2 242 "$finish" {0 0 0};
T_1.26 ;
    %vpi_call 2 244 "$display", "%s Passed!", "Test14- BLTU (Branch not taken)" {0 0 0};
    %pushi/vec4 6, 0, 3;
    %store/vec4 v0x7fffe3dc3240_0, 0, 3;
    %pushi/vec4 32772, 0, 32;
    %store/vec4 v0x7fffe3dc3320_0, 0, 32;
    %pushi/vec4 32772, 0, 32;
    %store/vec4 v0x7fffe3dc33c0_0, 0, 32;
    %delay 3, 0;
    %load/vec4 v0x7fffe3dc3460_0;
    %pad/u 32;
    %cmpi/ne 0, 0, 32;
    %jmp/0xz  T_1.28, 6;
    %vpi_call 2 256 "$display", "Verification faild for %s [Original value - %b  Generated value %b] ( line %0d)", "Test15- BLTU (Branch not taken)", 32'sb00000000000000000000000000000000, v0x7fffe3dc3460_0, 32'sb00000000000000000000000011111110 {0 0 0};
    %vpi_call 2 257 "$finish" {0 0 0};
T_1.28 ;
    %vpi_call 2 259 "$display", "%s Passed!", "Test15- BLTU (Branch not taken)" {0 0 0};
    %pushi/vec4 7, 0, 3;
    %store/vec4 v0x7fffe3dc3240_0, 0, 3;
    %pushi/vec4 32773, 0, 32;
    %store/vec4 v0x7fffe3dc3320_0, 0, 32;
    %pushi/vec4 32772, 0, 32;
    %store/vec4 v0x7fffe3dc33c0_0, 0, 32;
    %delay 3, 0;
    %load/vec4 v0x7fffe3dc3460_0;
    %pad/u 32;
    %cmpi/ne 1, 0, 32;
    %jmp/0xz  T_1.30, 6;
    %vpi_call 2 272 "$display", "Verification faild for %s [Original value - %b  Generated value %b] ( line %0d)", "Test16- BGEU (Branch taken)", 32'sb00000000000000000000000000000001, v0x7fffe3dc3460_0, 32'sb00000000000000000000000100001110 {0 0 0};
    %vpi_call 2 273 "$finish" {0 0 0};
T_1.30 ;
    %vpi_call 2 275 "$display", "%s Passed!", "Test16- BGEU (Branch taken)" {0 0 0};
    %pushi/vec4 7, 0, 3;
    %store/vec4 v0x7fffe3dc3240_0, 0, 3;
    %pushi/vec4 32773, 0, 32;
    %store/vec4 v0x7fffe3dc3320_0, 0, 32;
    %pushi/vec4 32773, 0, 32;
    %store/vec4 v0x7fffe3dc33c0_0, 0, 32;
    %delay 3, 0;
    %load/vec4 v0x7fffe3dc3460_0;
    %pad/u 32;
    %cmpi/ne 1, 0, 32;
    %jmp/0xz  T_1.32, 6;
    %vpi_call 2 285 "$display", "Verification faild for %s [Original value - %b  Generated value %b] ( line %0d)", "Test17- BGEU (Branch taken)", 32'sb00000000000000000000000000000001, v0x7fffe3dc3460_0, 32'sb00000000000000000000000100011011 {0 0 0};
    %vpi_call 2 286 "$finish" {0 0 0};
T_1.32 ;
    %vpi_call 2 288 "$display", "%s Passed!", "Test17- BGEU (Branch taken)" {0 0 0};
    %pushi/vec4 7, 0, 3;
    %store/vec4 v0x7fffe3dc3240_0, 0, 3;
    %pushi/vec4 32772, 0, 32;
    %store/vec4 v0x7fffe3dc3320_0, 0, 32;
    %pushi/vec4 32773, 0, 32;
    %store/vec4 v0x7fffe3dc33c0_0, 0, 32;
    %delay 3, 0;
    %load/vec4 v0x7fffe3dc3460_0;
    %pad/u 32;
    %cmpi/ne 0, 0, 32;
    %jmp/0xz  T_1.34, 6;
    %vpi_call 2 300 "$display", "Verification faild for %s [Original value - %b  Generated value %b] ( line %0d)", "Test18- BGEU (Branch not taken)", 32'sb00000000000000000000000000000000, v0x7fffe3dc3460_0, 32'sb00000000000000000000000100101010 {0 0 0};
    %vpi_call 2 301 "$finish" {0 0 0};
T_1.34 ;
    %vpi_call 2 303 "$display", "%s Passed!", "Test18- BGEU (Branch not taken)" {0 0 0};
    %vpi_call 2 303 "$display", "========================All Test cases Passed !!!==============================" {0 0 0};
    %end;
    .thread T_1;
# The file index is used to find the file name in the following table.
:file_names 4;
    "N/A";
    "<interactive>";
    "bj_detect_tb.v";
    "./bj_detect.v";
